Release 14.7 - xst P.20131013 (lin64)
Copyright (c) 1995-2013 Xilinx, Inc.  All rights reserved.
--> 
Parameter TMPDIR set to xst/projnav.tmp


Total REAL time to Xst completion: 0.00 secs
Total CPU time to Xst completion: 0.25 secs
 
--> 
Parameter xsthdpdir set to xst


Total REAL time to Xst completion: 0.00 secs
Total CPU time to Xst completion: 0.25 secs
 
--> 
Reading design: lcd_top.prj

TABLE OF CONTENTS
  1) Synthesis Options Summary
  2) HDL Compilation
  3) Design Hierarchy Analysis
  4) HDL Analysis
  5) HDL Synthesis
     5.1) HDL Synthesis Report
  6) Advanced HDL Synthesis
     6.1) Advanced HDL Synthesis Report
  7) Low Level Synthesis
  8) Partition Report
  9) Final Report
	9.1) Device utilization summary
	9.2) Partition Resource Summary
	9.3) TIMING REPORT


=========================================================================
*                      Synthesis Options Summary                        *
=========================================================================
---- Source Parameters
Input File Name                    : "lcd_top.prj"
Input Format                       : mixed
Ignore Synthesis Constraint File   : NO

---- Target Parameters
Output File Name                   : "lcd_top"
Output Format                      : NGC
Target Device                      : xc3s500e-4-fg320

---- Source Options
Top Module Name                    : lcd_top
Automatic FSM Extraction           : YES
FSM Encoding Algorithm             : Auto
Safe Implementation                : No
FSM Style                          : LUT
RAM Extraction                     : Yes
RAM Style                          : Auto
ROM Extraction                     : Yes
Mux Style                          : Auto
Decoder Extraction                 : YES
Priority Encoder Extraction        : Yes
Shift Register Extraction          : YES
Logical Shifter Extraction         : YES
XOR Collapsing                     : YES
ROM Style                          : Auto
Mux Extraction                     : Yes
Resource Sharing                   : YES
Asynchronous To Synchronous        : NO
Multiplier Style                   : Auto
Automatic Register Balancing       : No

---- Target Options
Add IO Buffers                     : YES
Global Maximum Fanout              : 500
Add Generic Clock Buffer(BUFG)     : 24
Register Duplication               : YES
Slice Packing                      : YES
Optimize Instantiated Primitives   : NO
Use Clock Enable                   : Yes
Use Synchronous Set                : Yes
Use Synchronous Reset              : Yes
Pack IO Registers into IOBs        : Auto
Equivalent register Removal        : YES

---- General Options
Optimization Goal                  : Speed
Optimization Effort                : 1
Keep Hierarchy                     : No
Netlist Hierarchy                  : As_Optimized
RTL Output                         : Yes
Global Optimization                : AllClockNets
Read Cores                         : YES
Write Timing Constraints           : NO
Cross Clock Analysis               : NO
Hierarchy Separator                : /
Bus Delimiter                      : <>
Case Specifier                     : Maintain
Slice Utilization Ratio            : 100
BRAM Utilization Ratio             : 100
Verilog 2001                       : YES
Auto BRAM Packing                  : NO
Slice Utilization Ratio Delta      : 5

=========================================================================


=========================================================================
*                          HDL Compilation                              *
=========================================================================
Compiling verilog file "lcd_driver.v" in library work
Compiling verilog file "lcd_top.v" in library work
Module <lcd_driver> compiled
Module <lcd_top> compiled
No errors in compilation
Analysis of file <"lcd_top.prj"> succeeded.
 

=========================================================================
*                     Design Hierarchy Analysis                         *
=========================================================================
Analyzing hierarchy for module <lcd_top> in library <work>.

Analyzing hierarchy for module <lcd_driver> in library <work>.


=========================================================================
*                            HDL Analysis                               *
=========================================================================
Analyzing top module <lcd_top>.
Module <lcd_top> is correct for synthesis.
 
Analyzing module <lcd_driver> in library <work>.
WARNING:Xst:2320 - "lcd_driver.v" line 43: Value for signal line_1 in initial block is not constant. The initialization will be ignored.
WARNING:Xst:2320 - "lcd_driver.v" line 44: Value for signal line_2 in initial block is not constant. The initialization will be ignored.
Module <lcd_driver> is correct for synthesis.
 

=========================================================================
*                           HDL Synthesis                               *
=========================================================================

Performing bidirectional port resolution...
INFO:Xst:2679 - Register <lcd_rs> in unit <lcd_driver> has a constant value of 0 during circuit operation. The register is replaced by logic.
INFO:Xst:2679 - Register <lcd_w> in unit <lcd_driver> has a constant value of 0 during circuit operation. The register is replaced by logic.

Synthesizing Unit <lcd_driver>.
    Related source file is "lcd_driver.v".
WARNING:Xst:647 - Input <line1> is never used. This port will be preserved and left unconnected if it belongs to a top-level block or it belongs to a sub-block and the hierarchy of this sub-block is preserved.
WARNING:Xst:647 - Input <line2> is never used. This port will be preserved and left unconnected if it belongs to a top-level block or it belongs to a sub-block and the hierarchy of this sub-block is preserved.
WARNING:Xst:646 - Signal <line_2<127:120>> is assigned but never used. This unconnected signal will be trimmed during the optimization process.
WARNING:Xst:646 - Signal <line_1<127:120>> is assigned but never used. This unconnected signal will be trimmed during the optimization process.
    Found 1-bit register for signal <lcd_e>.
    Found 4-bit register for signal <data>.
    Found 20-bit up counter for signal <counter>.
    Found 4-bit 4-to-1 multiplexer for signal <data$mux0000>.
    Found 4-bit 4-to-1 multiplexer for signal <data$mux0001> created at line 109.
    Found 4-bit 4-to-1 multiplexer for signal <data$mux0002> created at line 150.
    Found 4-bit 4-to-1 multiplexer for signal <data$mux0003> created at line 184.
    Found 1-bit 4-to-1 multiplexer for signal <lcd_e$mux0000>.
    Found 1-bit 4-to-1 multiplexer for signal <lcd_e$mux0002> created at line 54.
    Found 1-bit 4-to-1 multiplexer for signal <lcd_e$mux0003> created at line 144.
    Found 128-bit register for signal <line_1>.
    Found 128-bit register for signal <line_2>.
    Found 2-bit register for signal <micro_state>.
    Found 2-bit adder for signal <micro_state$add0000> created at line 211.
    Found 2-bit 4-to-1 multiplexer for signal <micro_state$mux0001>.
    Found 7-bit register for signal <mini_state>.
    Found 7-bit adder for signal <mini_state$add0000> created at line 206.
    Found 7-bit 4-to-1 multiplexer for signal <mini_state$mux0001>.
    Found 2-bit register for signal <state>.
    Found 2-bit adder for signal <state$addsub0000> created at line 176.
    Found 2-bit 4-to-1 multiplexer for signal <state$mux0000>.
    Summary:
	inferred   1 Counter(s).
	inferred 272 D-type flip-flop(s).
	inferred   3 Adder/Subtractor(s).
	inferred  30 Multiplexer(s).
Unit <lcd_driver> synthesized.


Synthesizing Unit <lcd_top>.
    Related source file is "lcd_top.v".
WARNING:Xst:653 - Signal <line2> is used but never assigned. This sourceless signal will be automatically connected to value 01001001001000000100100100100000010010010010000000100000010010110100000101001110010100000101010101010010001000000010000000100000.
WARNING:Xst:653 - Signal <line1> is used but never assigned. This sourceless signal will be automatically connected to value 01010111010001010100110001000011010011110100110101000101001000000101010001001111001000000100001101010011010001010010000000100000.
Unit <lcd_top> synthesized.


=========================================================================
HDL Synthesis Report

Macro Statistics
# Adders/Subtractors                                   : 3
 2-bit adder                                           : 2
 7-bit adder                                           : 1
# Counters                                             : 1
 20-bit up counter                                     : 1
# Registers                                            : 7
 1-bit register                                        : 1
 128-bit register                                      : 2
 2-bit register                                        : 2
 4-bit register                                        : 1
 7-bit register                                        : 1
# Multiplexers                                         : 10
 1-bit 4-to-1 multiplexer                              : 3
 2-bit 4-to-1 multiplexer                              : 2
 4-bit 4-to-1 multiplexer                              : 4
 7-bit 4-to-1 multiplexer                              : 1

=========================================================================

=========================================================================
*                       Advanced HDL Synthesis                          *
=========================================================================

INFO:Xst:2261 - The FF/Latch <line_2_0> in Unit <UUT> is equivalent to the following 7 FFs/Latches, which will be removed : <line_2_1> <line_2_2> <line_2_3> <line_2_4> <line_2_5> <line_2_6> <line_2_7> 
INFO:Xst:2261 - The FF/Latch <line_1_0> in Unit <UUT> is equivalent to the following 7 FFs/Latches, which will be removed : <line_1_1> <line_1_2> <line_1_3> <line_1_4> <line_1_5> <line_1_6> <line_1_7> 
WARNING:Xst:1710 - FF/Latch <line_1_0> (without init value) has a constant value of 0 in block <UUT>. This FF/Latch will be trimmed during the optimization process.
WARNING:Xst:1710 - FF/Latch <line_2_0> (without init value) has a constant value of 0 in block <UUT>. This FF/Latch will be trimmed during the optimization process.
WARNING:Xst:2677 - Node <line_1_8> of sequential type is unconnected in block <UUT>.
WARNING:Xst:2677 - Node <line_1_9> of sequential type is unconnected in block <UUT>.
WARNING:Xst:2677 - Node <line_1_10> of sequential type is unconnected in block <UUT>.
WARNING:Xst:2677 - Node <line_1_11> of sequential type is unconnected in block <UUT>.
WARNING:Xst:2677 - Node <line_1_12> of sequential type is unconnected in block <UUT>.
WARNING:Xst:2677 - Node <line_1_13> of sequential type is unconnected in block <UUT>.
WARNING:Xst:2677 - Node <line_1_14> of sequential type is unconnected in block <UUT>.
WARNING:Xst:2677 - Node <line_1_15> of sequential type is unconnected in block <UUT>.
WARNING:Xst:2677 - Node <line_1_16> of sequential type is unconnected in block <UUT>.
WARNING:Xst:2677 - Node <line_1_17> of sequential type is unconnected in block <UUT>.
WARNING:Xst:2677 - Node <line_1_18> of sequential type is unconnected in block <UUT>.
WARNING:Xst:2677 - Node <line_1_19> of sequential type is unconnected in block <UUT>.
WARNING:Xst:2677 - Node <line_1_20> of sequential type is unconnected in block <UUT>.
WARNING:Xst:2677 - Node <line_1_21> of sequential type is unconnected in block <UUT>.
WARNING:Xst:2677 - Node <line_1_22> of sequential type is unconnected in block <UUT>.
WARNING:Xst:2677 - Node <line_1_23> of sequential type is unconnected in block <UUT>.
WARNING:Xst:2677 - Node <line_1_24> of sequential type is unconnected in block <UUT>.
WARNING:Xst:2677 - Node <line_1_25> of sequential type is unconnected in block <UUT>.
WARNING:Xst:2677 - Node <line_1_26> of sequential type is unconnected in block <UUT>.
WARNING:Xst:2677 - Node <line_1_27> of sequential type is unconnected in block <UUT>.
WARNING:Xst:2677 - Node <line_1_28> of sequential type is unconnected in block <UUT>.
WARNING:Xst:2677 - Node <line_1_29> of sequential type is unconnected in block <UUT>.
WARNING:Xst:2677 - Node <line_1_30> of sequential type is unconnected in block <UUT>.
WARNING:Xst:2677 - Node <line_1_31> of sequential type is unconnected in block <UUT>.
WARNING:Xst:2677 - Node <line_1_32> of sequential type is unconnected in block <UUT>.
WARNING:Xst:2677 - Node <line_1_33> of sequential type is unconnected in block <UUT>.
WARNING:Xst:2677 - Node <line_1_34> of sequential type is unconnected in block <UUT>.
WARNING:Xst:2677 - Node <line_1_35> of sequential type is unconnected in block <UUT>.
WARNING:Xst:2677 - Node <line_1_36> of sequential type is unconnected in block <UUT>.
WARNING:Xst:2677 - Node <line_1_37> of sequential type is unconnected in block <UUT>.
WARNING:Xst:2677 - Node <line_1_38> of sequential type is unconnected in block <UUT>.
WARNING:Xst:2677 - Node <line_1_39> of sequential type is unconnected in block <UUT>.
WARNING:Xst:2677 - Node <line_1_40> of sequential type is unconnected in block <UUT>.
WARNING:Xst:2677 - Node <line_1_41> of sequential type is unconnected in block <UUT>.
WARNING:Xst:2677 - Node <line_1_42> of sequential type is unconnected in block <UUT>.
WARNING:Xst:2677 - Node <line_1_43> of sequential type is unconnected in block <UUT>.
WARNING:Xst:2677 - Node <line_1_44> of sequential type is unconnected in block <UUT>.
WARNING:Xst:2677 - Node <line_1_45> of sequential type is unconnected in block <UUT>.
WARNING:Xst:2677 - Node <line_1_46> of sequential type is unconnected in block <UUT>.
WARNING:Xst:2677 - Node <line_1_47> of sequential type is unconnected in block <UUT>.
WARNING:Xst:2677 - Node <line_1_48> of sequential type is unconnected in block <UUT>.
WARNING:Xst:2677 - Node <line_1_49> of sequential type is unconnected in block <UUT>.
WARNING:Xst:2677 - Node <line_1_50> of sequential type is unconnected in block <UUT>.
WARNING:Xst:2677 - Node <line_1_51> of sequential type is unconnected in block <UUT>.
WARNING:Xst:2677 - Node <line_1_52> of sequential type is unconnected in block <UUT>.
WARNING:Xst:2677 - Node <line_1_53> of sequential type is unconnected in block <UUT>.
WARNING:Xst:2677 - Node <line_1_54> of sequential type is unconnected in block <UUT>.
WARNING:Xst:2677 - Node <line_1_55> of sequential type is unconnected in block <UUT>.
WARNING:Xst:2677 - Node <line_1_56> of sequential type is unconnected in block <UUT>.
WARNING:Xst:2677 - Node <line_1_57> of sequential type is unconnected in block <UUT>.
WARNING:Xst:2677 - Node <line_1_58> of sequential type is unconnected in block <UUT>.
WARNING:Xst:2677 - Node <line_1_59> of sequential type is unconnected in block <UUT>.
WARNING:Xst:2677 - Node <line_1_60> of sequential type is unconnected in block <UUT>.
WARNING:Xst:2677 - Node <line_1_61> of sequential type is unconnected in block <UUT>.
WARNING:Xst:2677 - Node <line_1_62> of sequential type is unconnected in block <UUT>.
WARNING:Xst:2677 - Node <line_1_63> of sequential type is unconnected in block <UUT>.
WARNING:Xst:2677 - Node <line_1_64> of sequential type is unconnected in block <UUT>.
WARNING:Xst:2677 - Node <line_1_65> of sequential type is unconnected in block <UUT>.
WARNING:Xst:2677 - Node <line_1_66> of sequential type is unconnected in block <UUT>.
WARNING:Xst:2677 - Node <line_1_67> of sequential type is unconnected in block <UUT>.
WARNING:Xst:2677 - Node <line_1_68> of sequential type is unconnected in block <UUT>.
WARNING:Xst:2677 - Node <line_1_69> of sequential type is unconnected in block <UUT>.
WARNING:Xst:2677 - Node <line_1_70> of sequential type is unconnected in block <UUT>.
WARNING:Xst:2677 - Node <line_1_71> of sequential type is unconnected in block <UUT>.
WARNING:Xst:2677 - Node <line_1_72> of sequential type is unconnected in block <UUT>.
WARNING:Xst:2677 - Node <line_1_73> of sequential type is unconnected in block <UUT>.
WARNING:Xst:2677 - Node <line_1_74> of sequential type is unconnected in block <UUT>.
WARNING:Xst:2677 - Node <line_1_75> of sequential type is unconnected in block <UUT>.
WARNING:Xst:2677 - Node <line_1_76> of sequential type is unconnected in block <UUT>.
WARNING:Xst:2677 - Node <line_1_77> of sequential type is unconnected in block <UUT>.
WARNING:Xst:2677 - Node <line_1_78> of sequential type is unconnected in block <UUT>.
WARNING:Xst:2677 - Node <line_1_79> of sequential type is unconnected in block <UUT>.
WARNING:Xst:2677 - Node <line_1_80> of sequential type is unconnected in block <UUT>.
WARNING:Xst:2677 - Node <line_1_81> of sequential type is unconnected in block <UUT>.
WARNING:Xst:2677 - Node <line_1_82> of sequential type is unconnected in block <UUT>.
WARNING:Xst:2677 - Node <line_1_83> of sequential type is unconnected in block <UUT>.
WARNING:Xst:2677 - Node <line_1_84> of sequential type is unconnected in block <UUT>.
WARNING:Xst:2677 - Node <line_1_85> of sequential type is unconnected in block <UUT>.
WARNING:Xst:2677 - Node <line_1_86> of sequential type is unconnected in block <UUT>.
WARNING:Xst:2677 - Node <line_1_87> of sequential type is unconnected in block <UUT>.
WARNING:Xst:2677 - Node <line_1_88> of sequential type is unconnected in block <UUT>.
WARNING:Xst:2677 - Node <line_1_89> of sequential type is unconnected in block <UUT>.
WARNING:Xst:2677 - Node <line_1_90> of sequential type is unconnected in block <UUT>.
WARNING:Xst:2677 - Node <line_1_91> of sequential type is unconnected in block <UUT>.
WARNING:Xst:2677 - Node <line_1_92> of sequential type is unconnected in block <UUT>.
WARNING:Xst:2677 - Node <line_1_93> of sequential type is unconnected in block <UUT>.
WARNING:Xst:2677 - Node <line_1_94> of sequential type is unconnected in block <UUT>.
WARNING:Xst:2677 - Node <line_1_95> of sequential type is unconnected in block <UUT>.
WARNING:Xst:2677 - Node <line_1_96> of sequential type is unconnected in block <UUT>.
WARNING:Xst:2677 - Node <line_1_97> of sequential type is unconnected in block <UUT>.
WARNING:Xst:2677 - Node <line_1_98> of sequential type is unconnected in block <UUT>.
WARNING:Xst:2677 - Node <line_1_99> of sequential type is unconnected in block <UUT>.
WARNING:Xst:2677 - Node <line_1_100> of sequential type is unconnected in block <UUT>.
WARNING:Xst:2677 - Node <line_1_101> of sequential type is unconnected in block <UUT>.
WARNING:Xst:2677 - Node <line_1_102> of sequential type is unconnected in block <UUT>.
WARNING:Xst:2677 - Node <line_1_103> of sequential type is unconnected in block <UUT>.
WARNING:Xst:2677 - Node <line_1_104> of sequential type is unconnected in block <UUT>.
WARNING:Xst:2677 - Node <line_1_105> of sequential type is unconnected in block <UUT>.
WARNING:Xst:2677 - Node <line_1_106> of sequential type is unconnected in block <UUT>.
WARNING:Xst:2677 - Node <line_1_107> of sequential type is unconnected in block <UUT>.
WARNING:Xst:2677 - Node <line_1_108> of sequential type is unconnected in block <UUT>.
WARNING:Xst:2677 - Node <line_1_109> of sequential type is unconnected in block <UUT>.
WARNING:Xst:2677 - Node <line_1_110> of sequential type is unconnected in block <UUT>.
WARNING:Xst:2677 - Node <line_1_111> of sequential type is unconnected in block <UUT>.
WARNING:Xst:2677 - Node <line_1_112> of sequential type is unconnected in block <UUT>.
WARNING:Xst:2677 - Node <line_1_113> of sequential type is unconnected in block <UUT>.
WARNING:Xst:2677 - Node <line_1_114> of sequential type is unconnected in block <UUT>.
WARNING:Xst:2677 - Node <line_1_115> of sequential type is unconnected in block <UUT>.
WARNING:Xst:2677 - Node <line_1_116> of sequential type is unconnected in block <UUT>.
WARNING:Xst:2677 - Node <line_1_117> of sequential type is unconnected in block <UUT>.
WARNING:Xst:2677 - Node <line_1_118> of sequential type is unconnected in block <UUT>.
WARNING:Xst:2677 - Node <line_1_119> of sequential type is unconnected in block <UUT>.
WARNING:Xst:2677 - Node <line_1_120> of sequential type is unconnected in block <UUT>.
WARNING:Xst:2677 - Node <line_1_121> of sequential type is unconnected in block <UUT>.
WARNING:Xst:2677 - Node <line_1_122> of sequential type is unconnected in block <UUT>.
WARNING:Xst:2677 - Node <line_1_123> of sequential type is unconnected in block <UUT>.
WARNING:Xst:2677 - Node <line_1_124> of sequential type is unconnected in block <UUT>.
WARNING:Xst:2677 - Node <line_1_125> of sequential type is unconnected in block <UUT>.
WARNING:Xst:2677 - Node <line_1_126> of sequential type is unconnected in block <UUT>.
WARNING:Xst:2677 - Node <line_1_127> of sequential type is unconnected in block <UUT>.
WARNING:Xst:2677 - Node <line_2_8> of sequential type is unconnected in block <UUT>.
WARNING:Xst:2677 - Node <line_2_9> of sequential type is unconnected in block <UUT>.
WARNING:Xst:2677 - Node <line_2_10> of sequential type is unconnected in block <UUT>.
WARNING:Xst:2677 - Node <line_2_11> of sequential type is unconnected in block <UUT>.
WARNING:Xst:2677 - Node <line_2_12> of sequential type is unconnected in block <UUT>.
WARNING:Xst:2677 - Node <line_2_13> of sequential type is unconnected in block <UUT>.
WARNING:Xst:2677 - Node <line_2_14> of sequential type is unconnected in block <UUT>.
WARNING:Xst:2677 - Node <line_2_15> of sequential type is unconnected in block <UUT>.
WARNING:Xst:2677 - Node <line_2_16> of sequential type is unconnected in block <UUT>.
WARNING:Xst:2677 - Node <line_2_17> of sequential type is unconnected in block <UUT>.
WARNING:Xst:2677 - Node <line_2_18> of sequential type is unconnected in block <UUT>.
WARNING:Xst:2677 - Node <line_2_19> of sequential type is unconnected in block <UUT>.
WARNING:Xst:2677 - Node <line_2_20> of sequential type is unconnected in block <UUT>.
WARNING:Xst:2677 - Node <line_2_21> of sequential type is unconnected in block <UUT>.
WARNING:Xst:2677 - Node <line_2_22> of sequential type is unconnected in block <UUT>.
WARNING:Xst:2677 - Node <line_2_23> of sequential type is unconnected in block <UUT>.
WARNING:Xst:2677 - Node <line_2_24> of sequential type is unconnected in block <UUT>.
WARNING:Xst:2677 - Node <line_2_25> of sequential type is unconnected in block <UUT>.
WARNING:Xst:2677 - Node <line_2_26> of sequential type is unconnected in block <UUT>.
WARNING:Xst:2677 - Node <line_2_27> of sequential type is unconnected in block <UUT>.
WARNING:Xst:2677 - Node <line_2_28> of sequential type is unconnected in block <UUT>.
WARNING:Xst:2677 - Node <line_2_29> of sequential type is unconnected in block <UUT>.
WARNING:Xst:2677 - Node <line_2_30> of sequential type is unconnected in block <UUT>.
WARNING:Xst:2677 - Node <line_2_31> of sequential type is unconnected in block <UUT>.
WARNING:Xst:2677 - Node <line_2_32> of sequential type is unconnected in block <UUT>.
WARNING:Xst:2677 - Node <line_2_33> of sequential type is unconnected in block <UUT>.
WARNING:Xst:2677 - Node <line_2_34> of sequential type is unconnected in block <UUT>.
WARNING:Xst:2677 - Node <line_2_35> of sequential type is unconnected in block <UUT>.
WARNING:Xst:2677 - Node <line_2_36> of sequential type is unconnected in block <UUT>.
WARNING:Xst:2677 - Node <line_2_37> of sequential type is unconnected in block <UUT>.
WARNING:Xst:2677 - Node <line_2_38> of sequential type is unconnected in block <UUT>.
WARNING:Xst:2677 - Node <line_2_39> of sequential type is unconnected in block <UUT>.
WARNING:Xst:2677 - Node <line_2_40> of sequential type is unconnected in block <UUT>.
WARNING:Xst:2677 - Node <line_2_41> of sequential type is unconnected in block <UUT>.
WARNING:Xst:2677 - Node <line_2_42> of sequential type is unconnected in block <UUT>.
WARNING:Xst:2677 - Node <line_2_43> of sequential type is unconnected in block <UUT>.
WARNING:Xst:2677 - Node <line_2_44> of sequential type is unconnected in block <UUT>.
WARNING:Xst:2677 - Node <line_2_45> of sequential type is unconnected in block <UUT>.
WARNING:Xst:2677 - Node <line_2_46> of sequential type is unconnected in block <UUT>.
WARNING:Xst:2677 - Node <line_2_47> of sequential type is unconnected in block <UUT>.
WARNING:Xst:2677 - Node <line_2_48> of sequential type is unconnected in block <UUT>.
WARNING:Xst:2677 - Node <line_2_49> of sequential type is unconnected in block <UUT>.
WARNING:Xst:2677 - Node <line_2_50> of sequential type is unconnected in block <UUT>.
WARNING:Xst:2677 - Node <line_2_51> of sequential type is unconnected in block <UUT>.
WARNING:Xst:2677 - Node <line_2_52> of sequential type is unconnected in block <UUT>.
WARNING:Xst:2677 - Node <line_2_53> of sequential type is unconnected in block <UUT>.
WARNING:Xst:2677 - Node <line_2_54> of sequential type is unconnected in block <UUT>.
WARNING:Xst:2677 - Node <line_2_55> of sequential type is unconnected in block <UUT>.
WARNING:Xst:2677 - Node <line_2_56> of sequential type is unconnected in block <UUT>.
WARNING:Xst:2677 - Node <line_2_57> of sequential type is unconnected in block <UUT>.
WARNING:Xst:2677 - Node <line_2_58> of sequential type is unconnected in block <UUT>.
WARNING:Xst:2677 - Node <line_2_59> of sequential type is unconnected in block <UUT>.
WARNING:Xst:2677 - Node <line_2_60> of sequential type is unconnected in block <UUT>.
WARNING:Xst:2677 - Node <line_2_61> of sequential type is unconnected in block <UUT>.
WARNING:Xst:2677 - Node <line_2_62> of sequential type is unconnected in block <UUT>.
WARNING:Xst:2677 - Node <line_2_63> of sequential type is unconnected in block <UUT>.
WARNING:Xst:2677 - Node <line_2_64> of sequential type is unconnected in block <UUT>.
WARNING:Xst:2677 - Node <line_2_65> of sequential type is unconnected in block <UUT>.
WARNING:Xst:2677 - Node <line_2_66> of sequential type is unconnected in block <UUT>.
WARNING:Xst:2677 - Node <line_2_67> of sequential type is unconnected in block <UUT>.
WARNING:Xst:2677 - Node <line_2_68> of sequential type is unconnected in block <UUT>.
WARNING:Xst:2677 - Node <line_2_69> of sequential type is unconnected in block <UUT>.
WARNING:Xst:2677 - Node <line_2_70> of sequential type is unconnected in block <UUT>.
WARNING:Xst:2677 - Node <line_2_71> of sequential type is unconnected in block <UUT>.
WARNING:Xst:2677 - Node <line_2_72> of sequential type is unconnected in block <UUT>.
WARNING:Xst:2677 - Node <line_2_73> of sequential type is unconnected in block <UUT>.
WARNING:Xst:2677 - Node <line_2_74> of sequential type is unconnected in block <UUT>.
WARNING:Xst:2677 - Node <line_2_75> of sequential type is unconnected in block <UUT>.
WARNING:Xst:2677 - Node <line_2_76> of sequential type is unconnected in block <UUT>.
WARNING:Xst:2677 - Node <line_2_77> of sequential type is unconnected in block <UUT>.
WARNING:Xst:2677 - Node <line_2_78> of sequential type is unconnected in block <UUT>.
WARNING:Xst:2677 - Node <line_2_79> of sequential type is unconnected in block <UUT>.
WARNING:Xst:2677 - Node <line_2_80> of sequential type is unconnected in block <UUT>.
WARNING:Xst:2677 - Node <line_2_81> of sequential type is unconnected in block <UUT>.
WARNING:Xst:2677 - Node <line_2_82> of sequential type is unconnected in block <UUT>.
WARNING:Xst:2677 - Node <line_2_83> of sequential type is unconnected in block <UUT>.
WARNING:Xst:2677 - Node <line_2_84> of sequential type is unconnected in block <UUT>.
WARNING:Xst:2677 - Node <line_2_85> of sequential type is unconnected in block <UUT>.
WARNING:Xst:2677 - Node <line_2_86> of sequential type is unconnected in block <UUT>.
WARNING:Xst:2677 - Node <line_2_87> of sequential type is unconnected in block <UUT>.
WARNING:Xst:2677 - Node <line_2_88> of sequential type is unconnected in block <UUT>.
WARNING:Xst:2677 - Node <line_2_89> of sequential type is unconnected in block <UUT>.
WARNING:Xst:2677 - Node <line_2_90> of sequential type is unconnected in block <UUT>.
WARNING:Xst:2677 - Node <line_2_91> of sequential type is unconnected in block <UUT>.
WARNING:Xst:2677 - Node <line_2_92> of sequential type is unconnected in block <UUT>.
WARNING:Xst:2677 - Node <line_2_93> of sequential type is unconnected in block <UUT>.
WARNING:Xst:2677 - Node <line_2_94> of sequential type is unconnected in block <UUT>.
WARNING:Xst:2677 - Node <line_2_95> of sequential type is unconnected in block <UUT>.
WARNING:Xst:2677 - Node <line_2_96> of sequential type is unconnected in block <UUT>.
WARNING:Xst:2677 - Node <line_2_97> of sequential type is unconnected in block <UUT>.
WARNING:Xst:2677 - Node <line_2_98> of sequential type is unconnected in block <UUT>.
WARNING:Xst:2677 - Node <line_2_99> of sequential type is unconnected in block <UUT>.
WARNING:Xst:2677 - Node <line_2_100> of sequential type is unconnected in block <UUT>.
WARNING:Xst:2677 - Node <line_2_101> of sequential type is unconnected in block <UUT>.
WARNING:Xst:2677 - Node <line_2_102> of sequential type is unconnected in block <UUT>.
WARNING:Xst:2677 - Node <line_2_103> of sequential type is unconnected in block <UUT>.
WARNING:Xst:2677 - Node <line_2_104> of sequential type is unconnected in block <UUT>.
WARNING:Xst:2677 - Node <line_2_105> of sequential type is unconnected in block <UUT>.
WARNING:Xst:2677 - Node <line_2_106> of sequential type is unconnected in block <UUT>.
WARNING:Xst:2677 - Node <line_2_107> of sequential type is unconnected in block <UUT>.
WARNING:Xst:2677 - Node <line_2_108> of sequential type is unconnected in block <UUT>.
WARNING:Xst:2677 - Node <line_2_109> of sequential type is unconnected in block <UUT>.
WARNING:Xst:2677 - Node <line_2_110> of sequential type is unconnected in block <UUT>.
WARNING:Xst:2677 - Node <line_2_111> of sequential type is unconnected in block <UUT>.
WARNING:Xst:2677 - Node <line_2_112> of sequential type is unconnected in block <UUT>.
WARNING:Xst:2677 - Node <line_2_113> of sequential type is unconnected in block <UUT>.
WARNING:Xst:2677 - Node <line_2_114> of sequential type is unconnected in block <UUT>.
WARNING:Xst:2677 - Node <line_2_115> of sequential type is unconnected in block <UUT>.
WARNING:Xst:2677 - Node <line_2_116> of sequential type is unconnected in block <UUT>.
WARNING:Xst:2677 - Node <line_2_117> of sequential type is unconnected in block <UUT>.
WARNING:Xst:2677 - Node <line_2_118> of sequential type is unconnected in block <UUT>.
WARNING:Xst:2677 - Node <line_2_119> of sequential type is unconnected in block <UUT>.
WARNING:Xst:2677 - Node <line_2_120> of sequential type is unconnected in block <UUT>.
WARNING:Xst:2677 - Node <line_2_121> of sequential type is unconnected in block <UUT>.
WARNING:Xst:2677 - Node <line_2_122> of sequential type is unconnected in block <UUT>.
WARNING:Xst:2677 - Node <line_2_123> of sequential type is unconnected in block <UUT>.
WARNING:Xst:2677 - Node <line_2_124> of sequential type is unconnected in block <UUT>.
WARNING:Xst:2677 - Node <line_2_125> of sequential type is unconnected in block <UUT>.
WARNING:Xst:2677 - Node <line_2_126> of sequential type is unconnected in block <UUT>.
WARNING:Xst:2677 - Node <line_2_127> of sequential type is unconnected in block <UUT>.
WARNING:Xst:2677 - Node <line_1_4> of sequential type is unconnected in block <lcd_driver>.
WARNING:Xst:2677 - Node <line_1_5> of sequential type is unconnected in block <lcd_driver>.
WARNING:Xst:2677 - Node <line_1_6> of sequential type is unconnected in block <lcd_driver>.
WARNING:Xst:2677 - Node <line_1_7> of sequential type is unconnected in block <lcd_driver>.
WARNING:Xst:2677 - Node <line_1_8> of sequential type is unconnected in block <lcd_driver>.
WARNING:Xst:2677 - Node <line_1_9> of sequential type is unconnected in block <lcd_driver>.
WARNING:Xst:2677 - Node <line_1_10> of sequential type is unconnected in block <lcd_driver>.
WARNING:Xst:2677 - Node <line_1_11> of sequential type is unconnected in block <lcd_driver>.
WARNING:Xst:2677 - Node <line_1_12> of sequential type is unconnected in block <lcd_driver>.
WARNING:Xst:2677 - Node <line_1_13> of sequential type is unconnected in block <lcd_driver>.
WARNING:Xst:2677 - Node <line_1_14> of sequential type is unconnected in block <lcd_driver>.
WARNING:Xst:2677 - Node <line_1_15> of sequential type is unconnected in block <lcd_driver>.
WARNING:Xst:2677 - Node <line_1_16> of sequential type is unconnected in block <lcd_driver>.
WARNING:Xst:2677 - Node <line_1_17> of sequential type is unconnected in block <lcd_driver>.
WARNING:Xst:2677 - Node <line_1_18> of sequential type is unconnected in block <lcd_driver>.
WARNING:Xst:2677 - Node <line_1_19> of sequential type is unconnected in block <lcd_driver>.
WARNING:Xst:2677 - Node <line_1_20> of sequential type is unconnected in block <lcd_driver>.
WARNING:Xst:2677 - Node <line_1_21> of sequential type is unconnected in block <lcd_driver>.
WARNING:Xst:2677 - Node <line_1_22> of sequential type is unconnected in block <lcd_driver>.
WARNING:Xst:2677 - Node <line_1_23> of sequential type is unconnected in block <lcd_driver>.
WARNING:Xst:2677 - Node <line_1_24> of sequential type is unconnected in block <lcd_driver>.
WARNING:Xst:2677 - Node <line_1_25> of sequential type is unconnected in block <lcd_driver>.
WARNING:Xst:2677 - Node <line_1_26> of sequential type is unconnected in block <lcd_driver>.
WARNING:Xst:2677 - Node <line_1_27> of sequential type is unconnected in block <lcd_driver>.
WARNING:Xst:2677 - Node <line_1_28> of sequential type is unconnected in block <lcd_driver>.
WARNING:Xst:2677 - Node <line_1_29> of sequential type is unconnected in block <lcd_driver>.
WARNING:Xst:2677 - Node <line_1_30> of sequential type is unconnected in block <lcd_driver>.
WARNING:Xst:2677 - Node <line_1_31> of sequential type is unconnected in block <lcd_driver>.
WARNING:Xst:2677 - Node <line_1_32> of sequential type is unconnected in block <lcd_driver>.
WARNING:Xst:2677 - Node <line_1_33> of sequential type is unconnected in block <lcd_driver>.
WARNING:Xst:2677 - Node <line_1_34> of sequential type is unconnected in block <lcd_driver>.
WARNING:Xst:2677 - Node <line_1_35> of sequential type is unconnected in block <lcd_driver>.
WARNING:Xst:2677 - Node <line_1_36> of sequential type is unconnected in block <lcd_driver>.
WARNING:Xst:2677 - Node <line_1_37> of sequential type is unconnected in block <lcd_driver>.
WARNING:Xst:2677 - Node <line_1_38> of sequential type is unconnected in block <lcd_driver>.
WARNING:Xst:2677 - Node <line_1_39> of sequential type is unconnected in block <lcd_driver>.
WARNING:Xst:2677 - Node <line_1_40> of sequential type is unconnected in block <lcd_driver>.
WARNING:Xst:2677 - Node <line_1_41> of sequential type is unconnected in block <lcd_driver>.
WARNING:Xst:2677 - Node <line_1_42> of sequential type is unconnected in block <lcd_driver>.
WARNING:Xst:2677 - Node <line_1_43> of sequential type is unconnected in block <lcd_driver>.
WARNING:Xst:2677 - Node <line_1_44> of sequential type is unconnected in block <lcd_driver>.
WARNING:Xst:2677 - Node <line_1_45> of sequential type is unconnected in block <lcd_driver>.
WARNING:Xst:2677 - Node <line_1_46> of sequential type is unconnected in block <lcd_driver>.
WARNING:Xst:2677 - Node <line_1_47> of sequential type is unconnected in block <lcd_driver>.
WARNING:Xst:2677 - Node <line_1_48> of sequential type is unconnected in block <lcd_driver>.
WARNING:Xst:2677 - Node <line_1_49> of sequential type is unconnected in block <lcd_driver>.
WARNING:Xst:2677 - Node <line_1_50> of sequential type is unconnected in block <lcd_driver>.
WARNING:Xst:2677 - Node <line_1_51> of sequential type is unconnected in block <lcd_driver>.
WARNING:Xst:2677 - Node <line_1_52> of sequential type is unconnected in block <lcd_driver>.
WARNING:Xst:2677 - Node <line_1_53> of sequential type is unconnected in block <lcd_driver>.
WARNING:Xst:2677 - Node <line_1_54> of sequential type is unconnected in block <lcd_driver>.
WARNING:Xst:2677 - Node <line_1_55> of sequential type is unconnected in block <lcd_driver>.
WARNING:Xst:2677 - Node <line_1_56> of sequential type is unconnected in block <lcd_driver>.
WARNING:Xst:2677 - Node <line_1_57> of sequential type is unconnected in block <lcd_driver>.
WARNING:Xst:2677 - Node <line_1_58> of sequential type is unconnected in block <lcd_driver>.
WARNING:Xst:2677 - Node <line_1_59> of sequential type is unconnected in block <lcd_driver>.
WARNING:Xst:2677 - Node <line_1_60> of sequential type is unconnected in block <lcd_driver>.
WARNING:Xst:2677 - Node <line_1_61> of sequential type is unconnected in block <lcd_driver>.
WARNING:Xst:2677 - Node <line_1_62> of sequential type is unconnected in block <lcd_driver>.
WARNING:Xst:2677 - Node <line_1_63> of sequential type is unconnected in block <lcd_driver>.
WARNING:Xst:2677 - Node <line_1_64> of sequential type is unconnected in block <lcd_driver>.
WARNING:Xst:2677 - Node <line_1_65> of sequential type is unconnected in block <lcd_driver>.
WARNING:Xst:2677 - Node <line_1_66> of sequential type is unconnected in block <lcd_driver>.
WARNING:Xst:2677 - Node <line_1_67> of sequential type is unconnected in block <lcd_driver>.
WARNING:Xst:2677 - Node <line_1_68> of sequential type is unconnected in block <lcd_driver>.
WARNING:Xst:2677 - Node <line_1_69> of sequential type is unconnected in block <lcd_driver>.
WARNING:Xst:2677 - Node <line_1_70> of sequential type is unconnected in block <lcd_driver>.
WARNING:Xst:2677 - Node <line_1_71> of sequential type is unconnected in block <lcd_driver>.
WARNING:Xst:2677 - Node <line_1_72> of sequential type is unconnected in block <lcd_driver>.
WARNING:Xst:2677 - Node <line_1_73> of sequential type is unconnected in block <lcd_driver>.
WARNING:Xst:2677 - Node <line_1_74> of sequential type is unconnected in block <lcd_driver>.
WARNING:Xst:2677 - Node <line_1_75> of sequential type is unconnected in block <lcd_driver>.
WARNING:Xst:2677 - Node <line_1_76> of sequential type is unconnected in block <lcd_driver>.
WARNING:Xst:2677 - Node <line_1_77> of sequential type is unconnected in block <lcd_driver>.
WARNING:Xst:2677 - Node <line_1_78> of sequential type is unconnected in block <lcd_driver>.
WARNING:Xst:2677 - Node <line_1_79> of sequential type is unconnected in block <lcd_driver>.
WARNING:Xst:2677 - Node <line_1_80> of sequential type is unconnected in block <lcd_driver>.
WARNING:Xst:2677 - Node <line_1_81> of sequential type is unconnected in block <lcd_driver>.
WARNING:Xst:2677 - Node <line_1_82> of sequential type is unconnected in block <lcd_driver>.
WARNING:Xst:2677 - Node <line_1_83> of sequential type is unconnected in block <lcd_driver>.
WARNING:Xst:2677 - Node <line_1_84> of sequential type is unconnected in block <lcd_driver>.
WARNING:Xst:2677 - Node <line_1_85> of sequential type is unconnected in block <lcd_driver>.
WARNING:Xst:2677 - Node <line_1_86> of sequential type is unconnected in block <lcd_driver>.
WARNING:Xst:2677 - Node <line_1_87> of sequential type is unconnected in block <lcd_driver>.
WARNING:Xst:2677 - Node <line_1_88> of sequential type is unconnected in block <lcd_driver>.
WARNING:Xst:2677 - Node <line_1_89> of sequential type is unconnected in block <lcd_driver>.
WARNING:Xst:2677 - Node <line_1_90> of sequential type is unconnected in block <lcd_driver>.
WARNING:Xst:2677 - Node <line_1_91> of sequential type is unconnected in block <lcd_driver>.
WARNING:Xst:2677 - Node <line_1_92> of sequential type is unconnected in block <lcd_driver>.
WARNING:Xst:2677 - Node <line_1_93> of sequential type is unconnected in block <lcd_driver>.
WARNING:Xst:2677 - Node <line_1_94> of sequential type is unconnected in block <lcd_driver>.
WARNING:Xst:2677 - Node <line_1_95> of sequential type is unconnected in block <lcd_driver>.
WARNING:Xst:2677 - Node <line_1_96> of sequential type is unconnected in block <lcd_driver>.
WARNING:Xst:2677 - Node <line_1_97> of sequential type is unconnected in block <lcd_driver>.
WARNING:Xst:2677 - Node <line_1_98> of sequential type is unconnected in block <lcd_driver>.
WARNING:Xst:2677 - Node <line_1_99> of sequential type is unconnected in block <lcd_driver>.
WARNING:Xst:2677 - Node <line_1_100> of sequential type is unconnected in block <lcd_driver>.
WARNING:Xst:2677 - Node <line_1_101> of sequential type is unconnected in block <lcd_driver>.
WARNING:Xst:2677 - Node <line_1_102> of sequential type is unconnected in block <lcd_driver>.
WARNING:Xst:2677 - Node <line_1_103> of sequential type is unconnected in block <lcd_driver>.
WARNING:Xst:2677 - Node <line_1_104> of sequential type is unconnected in block <lcd_driver>.
WARNING:Xst:2677 - Node <line_1_105> of sequential type is unconnected in block <lcd_driver>.
WARNING:Xst:2677 - Node <line_1_106> of sequential type is unconnected in block <lcd_driver>.
WARNING:Xst:2677 - Node <line_1_107> of sequential type is unconnected in block <lcd_driver>.
WARNING:Xst:2677 - Node <line_1_108> of sequential type is unconnected in block <lcd_driver>.
WARNING:Xst:2677 - Node <line_1_109> of sequential type is unconnected in block <lcd_driver>.
WARNING:Xst:2677 - Node <line_1_110> of sequential type is unconnected in block <lcd_driver>.
WARNING:Xst:2677 - Node <line_1_111> of sequential type is unconnected in block <lcd_driver>.
WARNING:Xst:2677 - Node <line_1_112> of sequential type is unconnected in block <lcd_driver>.
WARNING:Xst:2677 - Node <line_1_113> of sequential type is unconnected in block <lcd_driver>.
WARNING:Xst:2677 - Node <line_1_114> of sequential type is unconnected in block <lcd_driver>.
WARNING:Xst:2677 - Node <line_1_115> of sequential type is unconnected in block <lcd_driver>.
WARNING:Xst:2677 - Node <line_1_116> of sequential type is unconnected in block <lcd_driver>.
WARNING:Xst:2677 - Node <line_1_117> of sequential type is unconnected in block <lcd_driver>.
WARNING:Xst:2677 - Node <line_1_118> of sequential type is unconnected in block <lcd_driver>.
WARNING:Xst:2677 - Node <line_1_119> of sequential type is unconnected in block <lcd_driver>.
WARNING:Xst:2677 - Node <line_1_120> of sequential type is unconnected in block <lcd_driver>.
WARNING:Xst:2677 - Node <line_1_121> of sequential type is unconnected in block <lcd_driver>.
WARNING:Xst:2677 - Node <line_1_122> of sequential type is unconnected in block <lcd_driver>.
WARNING:Xst:2677 - Node <line_1_123> of sequential type is unconnected in block <lcd_driver>.
WARNING:Xst:2677 - Node <line_1_124> of sequential type is unconnected in block <lcd_driver>.
WARNING:Xst:2677 - Node <line_1_125> of sequential type is unconnected in block <lcd_driver>.
WARNING:Xst:2677 - Node <line_1_126> of sequential type is unconnected in block <lcd_driver>.
WARNING:Xst:2677 - Node <line_1_127> of sequential type is unconnected in block <lcd_driver>.
WARNING:Xst:2677 - Node <line_2_4> of sequential type is unconnected in block <lcd_driver>.
WARNING:Xst:2677 - Node <line_2_5> of sequential type is unconnected in block <lcd_driver>.
WARNING:Xst:2677 - Node <line_2_6> of sequential type is unconnected in block <lcd_driver>.
WARNING:Xst:2677 - Node <line_2_7> of sequential type is unconnected in block <lcd_driver>.
WARNING:Xst:2677 - Node <line_2_8> of sequential type is unconnected in block <lcd_driver>.
WARNING:Xst:2677 - Node <line_2_9> of sequential type is unconnected in block <lcd_driver>.
WARNING:Xst:2677 - Node <line_2_10> of sequential type is unconnected in block <lcd_driver>.
WARNING:Xst:2677 - Node <line_2_11> of sequential type is unconnected in block <lcd_driver>.
WARNING:Xst:2677 - Node <line_2_12> of sequential type is unconnected in block <lcd_driver>.
WARNING:Xst:2677 - Node <line_2_13> of sequential type is unconnected in block <lcd_driver>.
WARNING:Xst:2677 - Node <line_2_14> of sequential type is unconnected in block <lcd_driver>.
WARNING:Xst:2677 - Node <line_2_15> of sequential type is unconnected in block <lcd_driver>.
WARNING:Xst:2677 - Node <line_2_16> of sequential type is unconnected in block <lcd_driver>.
WARNING:Xst:2677 - Node <line_2_17> of sequential type is unconnected in block <lcd_driver>.
WARNING:Xst:2677 - Node <line_2_18> of sequential type is unconnected in block <lcd_driver>.
WARNING:Xst:2677 - Node <line_2_19> of sequential type is unconnected in block <lcd_driver>.
WARNING:Xst:2677 - Node <line_2_20> of sequential type is unconnected in block <lcd_driver>.
WARNING:Xst:2677 - Node <line_2_21> of sequential type is unconnected in block <lcd_driver>.
WARNING:Xst:2677 - Node <line_2_22> of sequential type is unconnected in block <lcd_driver>.
WARNING:Xst:2677 - Node <line_2_23> of sequential type is unconnected in block <lcd_driver>.
WARNING:Xst:2677 - Node <line_2_24> of sequential type is unconnected in block <lcd_driver>.
WARNING:Xst:2677 - Node <line_2_25> of sequential type is unconnected in block <lcd_driver>.
WARNING:Xst:2677 - Node <line_2_26> of sequential type is unconnected in block <lcd_driver>.
WARNING:Xst:2677 - Node <line_2_27> of sequential type is unconnected in block <lcd_driver>.
WARNING:Xst:2677 - Node <line_2_28> of sequential type is unconnected in block <lcd_driver>.
WARNING:Xst:2677 - Node <line_2_29> of sequential type is unconnected in block <lcd_driver>.
WARNING:Xst:2677 - Node <line_2_30> of sequential type is unconnected in block <lcd_driver>.
WARNING:Xst:2677 - Node <line_2_31> of sequential type is unconnected in block <lcd_driver>.
WARNING:Xst:2677 - Node <line_2_32> of sequential type is unconnected in block <lcd_driver>.
WARNING:Xst:2677 - Node <line_2_33> of sequential type is unconnected in block <lcd_driver>.
WARNING:Xst:2677 - Node <line_2_34> of sequential type is unconnected in block <lcd_driver>.
WARNING:Xst:2677 - Node <line_2_35> of sequential type is unconnected in block <lcd_driver>.
WARNING:Xst:2677 - Node <line_2_36> of sequential type is unconnected in block <lcd_driver>.
WARNING:Xst:2677 - Node <line_2_37> of sequential type is unconnected in block <lcd_driver>.
WARNING:Xst:2677 - Node <line_2_38> of sequential type is unconnected in block <lcd_driver>.
WARNING:Xst:2677 - Node <line_2_39> of sequential type is unconnected in block <lcd_driver>.
WARNING:Xst:2677 - Node <line_2_40> of sequential type is unconnected in block <lcd_driver>.
WARNING:Xst:2677 - Node <line_2_41> of sequential type is unconnected in block <lcd_driver>.
WARNING:Xst:2677 - Node <line_2_42> of sequential type is unconnected in block <lcd_driver>.
WARNING:Xst:2677 - Node <line_2_43> of sequential type is unconnected in block <lcd_driver>.
WARNING:Xst:2677 - Node <line_2_44> of sequential type is unconnected in block <lcd_driver>.
WARNING:Xst:2677 - Node <line_2_45> of sequential type is unconnected in block <lcd_driver>.
WARNING:Xst:2677 - Node <line_2_46> of sequential type is unconnected in block <lcd_driver>.
WARNING:Xst:2677 - Node <line_2_47> of sequential type is unconnected in block <lcd_driver>.
WARNING:Xst:2677 - Node <line_2_48> of sequential type is unconnected in block <lcd_driver>.
WARNING:Xst:2677 - Node <line_2_49> of sequential type is unconnected in block <lcd_driver>.
WARNING:Xst:2677 - Node <line_2_50> of sequential type is unconnected in block <lcd_driver>.
WARNING:Xst:2677 - Node <line_2_51> of sequential type is unconnected in block <lcd_driver>.
WARNING:Xst:2677 - Node <line_2_52> of sequential type is unconnected in block <lcd_driver>.
WARNING:Xst:2677 - Node <line_2_53> of sequential type is unconnected in block <lcd_driver>.
WARNING:Xst:2677 - Node <line_2_54> of sequential type is unconnected in block <lcd_driver>.
WARNING:Xst:2677 - Node <line_2_55> of sequential type is unconnected in block <lcd_driver>.
WARNING:Xst:2677 - Node <line_2_56> of sequential type is unconnected in block <lcd_driver>.
WARNING:Xst:2677 - Node <line_2_57> of sequential type is unconnected in block <lcd_driver>.
WARNING:Xst:2677 - Node <line_2_58> of sequential type is unconnected in block <lcd_driver>.
WARNING:Xst:2677 - Node <line_2_59> of sequential type is unconnected in block <lcd_driver>.
WARNING:Xst:2677 - Node <line_2_60> of sequential type is unconnected in block <lcd_driver>.
WARNING:Xst:2677 - Node <line_2_61> of sequential type is unconnected in block <lcd_driver>.
WARNING:Xst:2677 - Node <line_2_62> of sequential type is unconnected in block <lcd_driver>.
WARNING:Xst:2677 - Node <line_2_63> of sequential type is unconnected in block <lcd_driver>.
WARNING:Xst:2677 - Node <line_2_64> of sequential type is unconnected in block <lcd_driver>.
WARNING:Xst:2677 - Node <line_2_65> of sequential type is unconnected in block <lcd_driver>.
WARNING:Xst:2677 - Node <line_2_66> of sequential type is unconnected in block <lcd_driver>.
WARNING:Xst:2677 - Node <line_2_67> of sequential type is unconnected in block <lcd_driver>.
WARNING:Xst:2677 - Node <line_2_68> of sequential type is unconnected in block <lcd_driver>.
WARNING:Xst:2677 - Node <line_2_69> of sequential type is unconnected in block <lcd_driver>.
WARNING:Xst:2677 - Node <line_2_70> of sequential type is unconnected in block <lcd_driver>.
WARNING:Xst:2677 - Node <line_2_71> of sequential type is unconnected in block <lcd_driver>.
WARNING:Xst:2677 - Node <line_2_72> of sequential type is unconnected in block <lcd_driver>.
WARNING:Xst:2677 - Node <line_2_73> of sequential type is unconnected in block <lcd_driver>.
WARNING:Xst:2677 - Node <line_2_74> of sequential type is unconnected in block <lcd_driver>.
WARNING:Xst:2677 - Node <line_2_75> of sequential type is unconnected in block <lcd_driver>.
WARNING:Xst:2677 - Node <line_2_76> of sequential type is unconnected in block <lcd_driver>.
WARNING:Xst:2677 - Node <line_2_77> of sequential type is unconnected in block <lcd_driver>.
WARNING:Xst:2677 - Node <line_2_78> of sequential type is unconnected in block <lcd_driver>.
WARNING:Xst:2677 - Node <line_2_79> of sequential type is unconnected in block <lcd_driver>.
WARNING:Xst:2677 - Node <line_2_80> of sequential type is unconnected in block <lcd_driver>.
WARNING:Xst:2677 - Node <line_2_81> of sequential type is unconnected in block <lcd_driver>.
WARNING:Xst:2677 - Node <line_2_82> of sequential type is unconnected in block <lcd_driver>.
WARNING:Xst:2677 - Node <line_2_83> of sequential type is unconnected in block <lcd_driver>.
WARNING:Xst:2677 - Node <line_2_84> of sequential type is unconnected in block <lcd_driver>.
WARNING:Xst:2677 - Node <line_2_85> of sequential type is unconnected in block <lcd_driver>.
WARNING:Xst:2677 - Node <line_2_86> of sequential type is unconnected in block <lcd_driver>.
WARNING:Xst:2677 - Node <line_2_87> of sequential type is unconnected in block <lcd_driver>.
WARNING:Xst:2677 - Node <line_2_88> of sequential type is unconnected in block <lcd_driver>.
WARNING:Xst:2677 - Node <line_2_89> of sequential type is unconnected in block <lcd_driver>.
WARNING:Xst:2677 - Node <line_2_90> of sequential type is unconnected in block <lcd_driver>.
WARNING:Xst:2677 - Node <line_2_91> of sequential type is unconnected in block <lcd_driver>.
WARNING:Xst:2677 - Node <line_2_92> of sequential type is unconnected in block <lcd_driver>.
WARNING:Xst:2677 - Node <line_2_93> of sequential type is unconnected in block <lcd_driver>.
WARNING:Xst:2677 - Node <line_2_94> of sequential type is unconnected in block <lcd_driver>.
WARNING:Xst:2677 - Node <line_2_95> of sequential type is unconnected in block <lcd_driver>.
WARNING:Xst:2677 - Node <line_2_96> of sequential type is unconnected in block <lcd_driver>.
WARNING:Xst:2677 - Node <line_2_97> of sequential type is unconnected in block <lcd_driver>.
WARNING:Xst:2677 - Node <line_2_98> of sequential type is unconnected in block <lcd_driver>.
WARNING:Xst:2677 - Node <line_2_99> of sequential type is unconnected in block <lcd_driver>.
WARNING:Xst:2677 - Node <line_2_100> of sequential type is unconnected in block <lcd_driver>.
WARNING:Xst:2677 - Node <line_2_101> of sequential type is unconnected in block <lcd_driver>.
WARNING:Xst:2677 - Node <line_2_102> of sequential type is unconnected in block <lcd_driver>.
WARNING:Xst:2677 - Node <line_2_103> of sequential type is unconnected in block <lcd_driver>.
WARNING:Xst:2677 - Node <line_2_104> of sequential type is unconnected in block <lcd_driver>.
WARNING:Xst:2677 - Node <line_2_105> of sequential type is unconnected in block <lcd_driver>.
WARNING:Xst:2677 - Node <line_2_106> of sequential type is unconnected in block <lcd_driver>.
WARNING:Xst:2677 - Node <line_2_107> of sequential type is unconnected in block <lcd_driver>.
WARNING:Xst:2677 - Node <line_2_108> of sequential type is unconnected in block <lcd_driver>.
WARNING:Xst:2677 - Node <line_2_109> of sequential type is unconnected in block <lcd_driver>.
WARNING:Xst:2677 - Node <line_2_110> of sequential type is unconnected in block <lcd_driver>.
WARNING:Xst:2677 - Node <line_2_111> of sequential type is unconnected in block <lcd_driver>.
WARNING:Xst:2677 - Node <line_2_112> of sequential type is unconnected in block <lcd_driver>.
WARNING:Xst:2677 - Node <line_2_113> of sequential type is unconnected in block <lcd_driver>.
WARNING:Xst:2677 - Node <line_2_114> of sequential type is unconnected in block <lcd_driver>.
WARNING:Xst:2677 - Node <line_2_115> of sequential type is unconnected in block <lcd_driver>.
WARNING:Xst:2677 - Node <line_2_116> of sequential type is unconnected in block <lcd_driver>.
WARNING:Xst:2677 - Node <line_2_117> of sequential type is unconnected in block <lcd_driver>.
WARNING:Xst:2677 - Node <line_2_118> of sequential type is unconnected in block <lcd_driver>.
WARNING:Xst:2677 - Node <line_2_119> of sequential type is unconnected in block <lcd_driver>.
WARNING:Xst:2677 - Node <line_2_120> of sequential type is unconnected in block <lcd_driver>.
WARNING:Xst:2677 - Node <line_2_121> of sequential type is unconnected in block <lcd_driver>.
WARNING:Xst:2677 - Node <line_2_122> of sequential type is unconnected in block <lcd_driver>.
WARNING:Xst:2677 - Node <line_2_123> of sequential type is unconnected in block <lcd_driver>.
WARNING:Xst:2677 - Node <line_2_124> of sequential type is unconnected in block <lcd_driver>.
WARNING:Xst:2677 - Node <line_2_125> of sequential type is unconnected in block <lcd_driver>.
WARNING:Xst:2677 - Node <line_2_126> of sequential type is unconnected in block <lcd_driver>.
WARNING:Xst:2677 - Node <line_2_127> of sequential type is unconnected in block <lcd_driver>.

=========================================================================
Advanced HDL Synthesis Report

Macro Statistics
# Adders/Subtractors                                   : 3
 2-bit adder                                           : 2
 7-bit adder                                           : 1
# Counters                                             : 1
 20-bit up counter                                     : 1
# Registers                                            : 24
 Flip-Flops                                            : 24
# Multiplexers                                         : 10
 1-bit 4-to-1 multiplexer                              : 3
 2-bit 4-to-1 multiplexer                              : 2
 4-bit 4-to-1 multiplexer                              : 4
 7-bit 4-to-1 multiplexer                              : 1

=========================================================================

=========================================================================
*                         Low Level Synthesis                           *
=========================================================================
WARNING:Xst:1710 - FF/Latch <line_1_0> (without init value) has a constant value of 0 in block <lcd_driver>. This FF/Latch will be trimmed during the optimization process.
WARNING:Xst:1895 - Due to other FF/Latch trimming, FF/Latch <line_1_1> (without init value) has a constant value of 0 in block <lcd_driver>. This FF/Latch will be trimmed during the optimization process.
WARNING:Xst:1895 - Due to other FF/Latch trimming, FF/Latch <line_1_2> (without init value) has a constant value of 0 in block <lcd_driver>. This FF/Latch will be trimmed during the optimization process.
WARNING:Xst:1895 - Due to other FF/Latch trimming, FF/Latch <line_1_3> (without init value) has a constant value of 0 in block <lcd_driver>. This FF/Latch will be trimmed during the optimization process.
WARNING:Xst:1895 - Due to other FF/Latch trimming, FF/Latch <line_2_0> (without init value) has a constant value of 0 in block <lcd_driver>. This FF/Latch will be trimmed during the optimization process.
WARNING:Xst:1895 - Due to other FF/Latch trimming, FF/Latch <line_2_1> (without init value) has a constant value of 0 in block <lcd_driver>. This FF/Latch will be trimmed during the optimization process.
WARNING:Xst:1895 - Due to other FF/Latch trimming, FF/Latch <line_2_2> (without init value) has a constant value of 0 in block <lcd_driver>. This FF/Latch will be trimmed during the optimization process.
WARNING:Xst:1895 - Due to other FF/Latch trimming, FF/Latch <line_2_3> (without init value) has a constant value of 0 in block <lcd_driver>. This FF/Latch will be trimmed during the optimization process.

Optimizing unit <lcd_top> ...

Optimizing unit <lcd_driver> ...

Mapping all equations...
Building and optimizing final netlist ...
Found area constraint ratio of 100 (+ 5) on block lcd_top, actual ratio is 1.
FlipFlop UUT/mini_state_0 has been replicated 2 time(s)
FlipFlop UUT/mini_state_1 has been replicated 2 time(s)
FlipFlop UUT/mini_state_2 has been replicated 2 time(s)
FlipFlop UUT/mini_state_3 has been replicated 2 time(s)
FlipFlop UUT/mini_state_4 has been replicated 1 time(s)
FlipFlop UUT/mini_state_5 has been replicated 1 time(s)

Final Macro Processing ...

=========================================================================
Final Register Report

Macro Statistics
# Registers                                            : 46
 Flip-Flops                                            : 46

=========================================================================

=========================================================================
*                           Partition Report                            *
=========================================================================

Partition Implementation Status
-------------------------------

  No Partitions were found in this design.

-------------------------------

=========================================================================
*                            Final Report                               *
=========================================================================
Final Results
RTL Top Level Output File Name     : lcd_top.ngr
Top Level Output File Name         : lcd_top
Output Format                      : NGC
Optimization Goal                  : Speed
Keep Hierarchy                     : No

Design Statistics
# IOs                              : 8

Cell Usage :
# BELS                             : 187
#      GND                         : 1
#      INV                         : 1
#      LUT1                        : 19
#      LUT2                        : 5
#      LUT2_D                      : 1
#      LUT2_L                      : 2
#      LUT3                        : 17
#      LUT3_D                      : 1
#      LUT3_L                      : 3
#      LUT4                        : 63
#      LUT4_D                      : 5
#      LUT4_L                      : 12
#      MUXCY                       : 24
#      MUXF5                       : 12
#      VCC                         : 1
#      XORCY                       : 20
# FlipFlops/Latches                : 46
#      FDE                         : 26
#      FDR                         : 20
# Clock Buffers                    : 1
#      BUFGP                       : 1
# IO Buffers                       : 7
#      OBUF                        : 7
=========================================================================

Device utilization summary:
---------------------------

Selected Device : 3s500efg320-4 

 Number of Slices:                       68  out of   4656     1%  
 Number of Slice Flip Flops:             46  out of   9312     0%  
 Number of 4 input LUTs:                129  out of   9312     1%  
 Number of IOs:                           8
 Number of bonded IOBs:                   8  out of    232     3%  
 Number of GCLKs:                         1  out of     24     4%  

---------------------------
Partition Resource Summary:
---------------------------

  No Partitions were found in this design.

---------------------------


=========================================================================
TIMING REPORT

NOTE: THESE TIMING NUMBERS ARE ONLY A SYNTHESIS ESTIMATE.
      FOR ACCURATE TIMING INFORMATION PLEASE REFER TO THE TRACE REPORT
      GENERATED AFTER PLACE-and-ROUTE.

Clock Information:
------------------
-----------------------------------+------------------------+-------+
Clock Signal                       | Clock buffer(FF name)  | Load  |
-----------------------------------+------------------------+-------+
clk                                | BUFGP                  | 46    |
-----------------------------------+------------------------+-------+

Asynchronous Control Signals Information:
----------------------------------------
No asynchronous control signals found in this design

Timing Summary:
---------------
Speed Grade: -4

   Minimum period: 7.031ns (Maximum Frequency: 142.227MHz)
   Minimum input arrival time before clock: No path found
   Maximum output required time after clock: 4.450ns
   Maximum combinational path delay: No path found

Timing Detail:
--------------
All values displayed in nanoseconds (ns)

=========================================================================
Timing constraint: Default period analysis for Clock 'clk'
  Clock period: 7.031ns (frequency: 142.227MHz)
  Total number of paths / destination ports: 1753 / 92
-------------------------------------------------------------------------
Delay:               7.031ns (Levels of Logic = 5)
  Source:            UUT/mini_state_4 (FF)
  Destination:       UUT/data_2 (FF)
  Source Clock:      clk rising
  Destination Clock: clk rising

  Data Path: UUT/mini_state_4 to UUT/data_2
                                Gate     Net
    Cell:in->out      fanout   Delay   Delay  Logical Name (Net Name)
    ----------------------------------------  ------------
     FDE:C->Q             23   0.591   1.377  UUT/mini_state_4 (UUT/mini_state_4)
     LUT2:I0->O            5   0.704   0.637  UUT/Mmux_mini_state_mux000118121 (UUT/N34)
     LUT4:I3->O            2   0.704   0.526  UUT/data_mux0005<2>1 (UUT/N5)
     LUT2:I1->O            1   0.704   0.455  UUT/data_mux0005<2>2_SW0 (N43)
     LUT4:I2->O            1   0.704   0.000  UUT/Mmux_data_mux0000_32 (UUT/Mmux_data_mux0000_32)
     MUXF5:I1->O           1   0.321   0.000  UUT/Mmux_data_mux0000_2_f5_1 (UUT/data_mux0000<2>)
     FDE:D                     0.308          UUT/data_2
    ----------------------------------------
    Total                      7.031ns (4.036ns logic, 2.995ns route)
                                       (57.4% logic, 42.6% route)

=========================================================================
Timing constraint: Default OFFSET OUT AFTER for Clock 'clk'
  Total number of paths / destination ports: 5 / 5
-------------------------------------------------------------------------
Offset:              4.450ns (Levels of Logic = 1)
  Source:            UUT/data_3 (FF)
  Destination:       data<3> (PAD)
  Source Clock:      clk rising

  Data Path: UUT/data_3 to data<3>
                                Gate     Net
    Cell:in->out      fanout   Delay   Delay  Logical Name (Net Name)
    ----------------------------------------  ------------
     FDE:C->Q              4   0.591   0.587  UUT/data_3 (UUT/data_3)
     OBUF:I->O                 3.272          data_3_OBUF (data<3>)
    ----------------------------------------
    Total                      4.450ns (3.863ns logic, 0.587ns route)
                                       (86.8% logic, 13.2% route)

=========================================================================


Total REAL time to Xst completion: 48.00 secs
Total CPU time to Xst completion: 48.08 secs
 
--> 


Total memory usage is 523604 kilobytes

Number of errors   :    0 (   0 filtered)
Number of warnings :  506 (   0 filtered)
Number of infos    :    4 (   0 filtered)

