Running: /opt/Xilinx/14.7/ISE_DS/ISE/bin/lin64/unwrapped/fuse -intstyle ise -incremental -lib unisims_ver -lib unimacro_ver -lib xilinxcorelib_ver -o /media/rharish/822A-B6CA/CS220Labs/Lab1_3/two_bit_adder/two_bit_adder_top_isim_beh.exe -prj /media/rharish/822A-B6CA/CS220Labs/Lab1_3/two_bit_adder/two_bit_adder_top_beh.prj work.two_bit_adder_top work.glbl 
ISim P.20131013 (signature 0xfbc00daa)
Number of CPUs detected in this system: 4
Turning on mult-threading, number of parallel sub-compilation jobs: 8 
Determining compilation order of HDL files
Analyzing Verilog file "/media/rharish/822A-B6CA/CS220Labs/Lab1_3/two_bit_adder/full_adder.v" into library work
Analyzing Verilog file "/media/rharish/822A-B6CA/CS220Labs/Lab1_3/two_bit_adder/two_bit_adder.v" into library work
Analyzing Verilog file "/media/rharish/822A-B6CA/CS220Labs/Lab1_3/two_bit_adder/two_bit_adder_top.v" into library work
Analyzing Verilog file "/opt/Xilinx/14.7/ISE_DS/ISE//verilog/src/glbl.v" into library work
Starting static elaboration
Completed static elaboration
Fuse Memory Usage: 98812 KB
Fuse CPU Usage: 2610 ms
Compiling module full_adder
Compiling module two_bit_adder
Compiling module two_bit_adder_top
Compiling module glbl
Time Resolution for simulation is 1ps.
Waiting for 1 sub-compilation(s) to finish...
Compiled 4 Verilog Units
Built simulation executable /media/rharish/822A-B6CA/CS220Labs/Lab1_3/two_bit_adder/two_bit_adder_top_isim_beh.exe
Fuse Memory Usage: 659008 KB
Fuse CPU Usage: 2690 ms
GCC CPU Usage: 1760 ms
