#-----------------------------------------------------------
# PlanAhead v14.7 (64-bit)
# Build 321239 by xbuild on Fri Sep 27 19:24:36 MDT 2013
# Start of session at: Wed Feb 14 14:40:55 2018
# Process ID: 23686
# Log file: /media/rharish/822A-B6CA/CS220Labs/Lab4_1/rotary_encoder/planAhead_run_1/planAhead.log
# Journal file: /media/rharish/822A-B6CA/CS220Labs/Lab4_1/rotary_encoder/planAhead_run_1/planAhead.jou
#-----------------------------------------------------------
INFO: [Common 17-78] Attempting to get a license: PlanAhead
INFO: [Common 17-290] Got license for PlanAhead
INFO: [Device 21-36] Loading parts and site information from /opt/Xilinx/14.7/ISE_DS/PlanAhead/data/parts/arch.xml
Parsing RTL primitives file [/opt/Xilinx/14.7/ISE_DS/PlanAhead/data/parts/xilinx/rtl/prims/rtl_prims.xml]
Finished parsing RTL primitives file [/opt/Xilinx/14.7/ISE_DS/PlanAhead/data/parts/xilinx/rtl/prims/rtl_prims.xml]
start_gui
source /media/rharish/822A-B6CA/CS220Labs/Lab4_1/rotary_encoder/pa.fromHdl.tcl
# create_project -name rotary_encoder -dir "/media/rharish/822A-B6CA/CS220Labs/Lab4_1/rotary_encoder/planAhead_run_1" -part xc3s500efg320-4
create_project: Time (s): cpu = 00:00:20 ; elapsed = 00:00:14 . Memory (MB): peak = 2659.926 ; gain = 13.043
# set_param project.pinAheadLayout yes
# set srcset [get_property srcset [current_run -impl]]
# set_property target_constrs_file "rotary_encoder.ucf" [current_fileset -constrset]
Adding file '/media/rharish/822A-B6CA/CS220Labs/Lab4_1/rotary_encoder/rotary_encoder.ucf' to fileset 'constrs_1'
# set hdlfile [add_files [list {rotator.v}]]
# set_property file_type Verilog $hdlfile
# set_property library work $hdlfile
# set hdlfile [add_files [list {rotation_info.v}]]
# set_property file_type Verilog $hdlfile
# set_property library work $hdlfile
# set hdlfile [add_files [list {rotary_encoder.v}]]
# set_property file_type Verilog $hdlfile
# set_property library work $hdlfile
# set_property top rotary_encoder $srcset
# add_files [list {rotary_encoder.ucf}] -fileset [get_property constrset [current_run]]
# open_rtl_design -part xc3s500efg320-4
Using Verific elaboration
Parsing VHDL file "/opt/Xilinx/14.7/ISE_DS/PlanAhead/data/parts/xilinx/rtl/lib/synplify/synattr.vhd" into library synplify
Analyzing Verilog file "/media/rharish/822A-B6CA/CS220Labs/Lab4_1/rotary_encoder/rotator.v" into library work
Analyzing Verilog file "/media/rharish/822A-B6CA/CS220Labs/Lab4_1/rotary_encoder/rotation_info.v" into library work
Analyzing Verilog file "/media/rharish/822A-B6CA/CS220Labs/Lab4_1/rotary_encoder/rotary_encoder.v" into library work
INFO: [Designutils 20-910] Reading macro library /opt/Xilinx/14.7/ISE_DS/PlanAhead/data/./parts/xilinx/spartan3e/spartan3e/hd_int_macros.edn
Parsing EDIF File [/opt/Xilinx/14.7/ISE_DS/PlanAhead/data/./parts/xilinx/spartan3e/spartan3e/hd_int_macros.edn]
Finished Parsing EDIF File [/opt/Xilinx/14.7/ISE_DS/PlanAhead/data/./parts/xilinx/spartan3e/spartan3e/hd_int_macros.edn]
Loading clock regions from /opt/Xilinx/14.7/ISE_DS/PlanAhead/data/parts/xilinx/spartan3e/spartan3e/xc3s500e/ClockRegion.xml
Loading clock buffers from /opt/Xilinx/14.7/ISE_DS/PlanAhead/data/parts/xilinx/spartan3e/spartan3e/xc3s500e/ClockBuffers.xml
Loading package from /opt/Xilinx/14.7/ISE_DS/PlanAhead/data/parts/xilinx/spartan3e/spartan3e/xc3s500e/fg320/Package.xml
Loading io standards from /opt/Xilinx/14.7/ISE_DS/PlanAhead/data/./parts/xilinx/spartan3e/IOStandards.xml
INFO: [Device 21-19] Loading pkg sso from /opt/Xilinx/14.7/ISE_DS/PlanAhead/data/parts/xilinx/spartan3e/spartan3e/xc3s500e/fg320/SSORules.xml
Loading list of drcs for the architecture : /opt/Xilinx/14.7/ISE_DS/PlanAhead/data/./parts/xilinx/spartan3e/spartan3e/drc.xml
INFO: [Timing 38-77] Reading timing library /opt/Xilinx/14.7/ISE_DS/PlanAhead/data/parts/xilinx/spartan3e/spartan3e/spartan3e-4.lib.
INFO: [Timing 38-34] Done reading timing library /opt/Xilinx/14.7/ISE_DS/PlanAhead/data/parts/xilinx/spartan3e/spartan3e/spartan3e-4.lib.
Parsing UCF File [/media/rharish/822A-B6CA/CS220Labs/Lab4_1/rotary_encoder/rotary_encoder.ucf]
Finished Parsing UCF File [/media/rharish/822A-B6CA/CS220Labs/Lab4_1/rotary_encoder/rotary_encoder.ucf]
INFO: [Project 1-111] Unisim Transformation Summary:
No Unisim elements were transformed.

Phase 0 | Netlist Checksum: 5d00e2b4
open_rtl_design: Time (s): cpu = 00:01:09 ; elapsed = 00:00:33 . Memory (MB): peak = 2777.633 ; gain = 108.570
update_compile_order -fileset sim_1
set_property drive 8 [get_ports [list {leds[7]} {leds[6]} {leds[5]} {leds[4]} {leds[3]} {leds[2]} {leds[1]} {leds[0]}]]
set_property iostandard LVTTL [get_ports [list {leds[7]} {leds[6]} {leds[5]} {leds[4]} {leds[3]} {leds[2]} {leds[1]} {leds[0]}]]
startgroup
set_property package_pin F12 [get_ports {leds[0]}]
endgroup
startgroup
set_property package_pin E12 [get_ports {leds[1]}]
endgroup
startgroup
set_property package_pin E11 [get_ports {leds[2]}]
endgroup
startgroup
set_property package_pin E11 [get_ports {leds[2]}]
endgroup
startgroup
set_property package_pin F11 [get_ports {leds[3]}]
endgroup
startgroup
set_property package_pin C11 [get_ports {leds[4]}]
endgroup
startgroup
set_property package_pin D11 [get_ports {leds[5]}]
endgroup
startgroup
set_property package_pin E9 [get_ports {leds[6]}]
endgroup
startgroup
set_property package_pin F9 [get_ports {leds[7]}]
endgroup
startgroup
set_property package_pin C9 [get_ports clk]
endgroup
set_property iostandard LVCMOS33 [get_ports [list clk]]
startgroup
set_property package_pin K18 [get_ports rot_a]
endgroup
startgroup
set_property package_pin G18 [get_ports rot_b]
endgroup
set_property iostandard LVTTL [get_ports [list rot_a]]
set_property iostandard LVTTL [get_ports [list rot_b]]
set_property pulltype PULLUP [get_ports [list rot_a]]
set_property pulltype PULLUP [get_ports [list rot_b]]
save_constraints
save_constraints: Time (s): cpu = 00:00:07 ; elapsed = 00:00:05 . Memory (MB): peak = 2781.285 ; gain = 0.000
exit
ERROR: [#UNDEF] *** Exception: ui.h.b: Found deleted key in HTclEventBroker. Verify if the classes listed here call cleanup()
HTclEvent: DEBUG_CORE_CONFIG_CHANGE   Classes: ui.views.aR 
HTclEvent: DEBUG_PORT_CONFIG_CHANGE   Classes: ui.views.aR 
HTclEvent: SIGNAL_BUS_MODIFY   Classes: ui.views.aR 
HTclEvent: SIGNAL_MODIFY   Classes: ui.views.aR 
 (See /media/rharish/822A-B6CA/CS220Labs/Lab4_1/rotary_encoder/planAhead_pid23686.debug)
ERROR: [Common 17-39] 'stop_gui' failed due to earlier errors.
INFO: [Common 17-206] Exiting PlanAhead at Wed Feb 14 14:48:05 2018...
INFO: [Common 17-83] Releasing license: PlanAhead
