#-----------------------------------------------------------
# PlanAhead v14.7 (64-bit)
# Build 321239 by xbuild on Fri Sep 27 19:24:36 MDT 2013
# Start of session at: Wed Jan 17 15:30:25 2018
# Process ID: 29314
# Log file: /media/rharish/822A-B6CA/CS220Labs/Lab1_2/full_adder_schematic/planAhead_run_1/planAhead.log
# Journal file: /media/rharish/822A-B6CA/CS220Labs/Lab1_2/full_adder_schematic/planAhead_run_1/planAhead.jou
#-----------------------------------------------------------
INFO: [Common 17-78] Attempting to get a license: PlanAhead
INFO: [Common 17-290] Got license for PlanAhead
INFO: [Device 21-36] Loading parts and site information from /opt/Xilinx/14.7/ISE_DS/PlanAhead/data/parts/arch.xml
Parsing RTL primitives file [/opt/Xilinx/14.7/ISE_DS/PlanAhead/data/parts/xilinx/rtl/prims/rtl_prims.xml]
Finished parsing RTL primitives file [/opt/Xilinx/14.7/ISE_DS/PlanAhead/data/parts/xilinx/rtl/prims/rtl_prims.xml]
start_gui
source /media/rharish/822A-B6CA/CS220Labs/Lab1_2/full_adder_schematic/pa.fromHdl.tcl
# create_project -name full_adder_schematic -dir "/media/rharish/822A-B6CA/CS220Labs/Lab1_2/full_adder_schematic/planAhead_run_1" -part xc3s500efg320-4
create_project: Time (s): cpu = 00:00:25 ; elapsed = 00:00:17 . Memory (MB): peak = 2653.172 ; gain = 16.172
# set_param project.pinAheadLayout yes
# set srcset [get_property srcset [current_run -impl]]
# set_property target_constrs_file "full_adder_sch.ucf" [current_fileset -constrset]
Adding file '/media/rharish/822A-B6CA/CS220Labs/Lab1_2/full_adder_schematic/full_adder_sch.ucf' to fileset 'constrs_1'
# set hdlfile [add_files [list {myxor.v}]]
# set_property file_type Verilog $hdlfile
# set_property library work $hdlfile
# set hdlfile [add_files [list {full_adder_sch.vf}]]
# set_property file_type Verilog $hdlfile
# set_property library work $hdlfile
# set_property top full_adder_sch $srcset
# add_files [list {full_adder_sch.ucf}] -fileset [get_property constrset [current_run]]
# open_rtl_design -part xc3s500efg320-4
Using Verific elaboration
Parsing VHDL file "/opt/Xilinx/14.7/ISE_DS/PlanAhead/data/parts/xilinx/rtl/lib/synplify/synattr.vhd" into library synplify
Analyzing Verilog file "/media/rharish/822A-B6CA/CS220Labs/Lab1_2/full_adder_schematic/myxor.v" into library work
Analyzing Verilog file "/media/rharish/822A-B6CA/CS220Labs/Lab1_2/full_adder_schematic/full_adder_sch.vf" into library work
INFO: [Designutils 20-910] Reading macro library /opt/Xilinx/14.7/ISE_DS/PlanAhead/data/./parts/xilinx/spartan3e/spartan3e/hd_int_macros.edn
Parsing EDIF File [/opt/Xilinx/14.7/ISE_DS/PlanAhead/data/./parts/xilinx/spartan3e/spartan3e/hd_int_macros.edn]
Finished Parsing EDIF File [/opt/Xilinx/14.7/ISE_DS/PlanAhead/data/./parts/xilinx/spartan3e/spartan3e/hd_int_macros.edn]
Loading clock regions from /opt/Xilinx/14.7/ISE_DS/PlanAhead/data/parts/xilinx/spartan3e/spartan3e/xc3s500e/ClockRegion.xml
Loading clock buffers from /opt/Xilinx/14.7/ISE_DS/PlanAhead/data/parts/xilinx/spartan3e/spartan3e/xc3s500e/ClockBuffers.xml
Loading package from /opt/Xilinx/14.7/ISE_DS/PlanAhead/data/parts/xilinx/spartan3e/spartan3e/xc3s500e/fg320/Package.xml
Loading io standards from /opt/Xilinx/14.7/ISE_DS/PlanAhead/data/./parts/xilinx/spartan3e/IOStandards.xml
INFO: [Device 21-19] Loading pkg sso from /opt/Xilinx/14.7/ISE_DS/PlanAhead/data/parts/xilinx/spartan3e/spartan3e/xc3s500e/fg320/SSORules.xml
Loading list of drcs for the architecture : /opt/Xilinx/14.7/ISE_DS/PlanAhead/data/./parts/xilinx/spartan3e/spartan3e/drc.xml
INFO: [Timing 38-77] Reading timing library /opt/Xilinx/14.7/ISE_DS/PlanAhead/data/parts/xilinx/spartan3e/spartan3e/spartan3e-4.lib.
INFO: [Timing 38-34] Done reading timing library /opt/Xilinx/14.7/ISE_DS/PlanAhead/data/parts/xilinx/spartan3e/spartan3e/spartan3e-4.lib.
Parsing UCF File [/media/rharish/822A-B6CA/CS220Labs/Lab1_2/full_adder_schematic/full_adder_sch.ucf]
Finished Parsing UCF File [/media/rharish/822A-B6CA/CS220Labs/Lab1_2/full_adder_schematic/full_adder_sch.ucf]
INFO: [Project 1-111] Unisim Transformation Summary:
No Unisim elements were transformed.

Phase 0 | Netlist Checksum: 9d2320b0
open_rtl_design: Time (s): cpu = 00:01:11 ; elapsed = 00:00:35 . Memory (MB): peak = 2776.590 ; gain = 117.410
update_compile_order -fileset sim_1
startgroup
set_property package_pin L13 [get_ports a]
endgroup
startgroup
set_property package_pin L14 [get_ports b]
endgroup
startgroup
set_property package_pin H18 [get_ports cin]
endgroup
startgroup
set_property package_pin F9 [get_ports cout]
endgroup
startgroup
set_property package_pin F12 [get_ports sum]
endgroup
set_property iostandard LVTTL [get_ports [list a]]
set_property iostandard LVTTL [get_ports [list b]]
set_property iostandard LVTTL [get_ports [list cin]]
set_property iostandard LVTTL [get_ports [list cout]]
set_property iostandard LVTTL [get_ports [list sum]]
set_property drive 8 [get_ports [list cout]]
set_property drive 8 [get_ports [list sum]]
set_property pulltype PULLUP [get_ports [list a]]
set_property pulltype PULLUP [get_ports [list b]]
set_property pulltype PULLUP [get_ports [list cin]]
save_constraints
save_constraints: Time (s): cpu = 00:00:06 ; elapsed = 00:00:05 . Memory (MB): peak = 2776.590 ; gain = 0.000
exit
ERROR: [#UNDEF] *** Exception: ui.h.b: Found deleted key in HTclEventBroker. Verify if the classes listed here call cleanup()
HTclEvent: SIGNAL_BUS_MODIFY   Classes: ui.views.aR 
HTclEvent: DEBUG_PORT_CONFIG_CHANGE   Classes: ui.views.aR 
HTclEvent: DEBUG_CORE_CONFIG_CHANGE   Classes: ui.views.aR 
HTclEvent: SIGNAL_MODIFY   Classes: ui.views.aR 
 (See /media/rharish/822A-B6CA/CS220Labs/Lab1_2/full_adder_schematic/planAhead_pid29314.debug)
ERROR: [Common 17-39] 'stop_gui' failed due to earlier errors.
INFO: [Common 17-206] Exiting PlanAhead at Wed Jan 17 15:34:57 2018...
INFO: [Common 17-83] Releasing license: PlanAhead
