Command line:
   simulation_isim_beh.exe
     -simmode  gui
     -simrunnum  0
     -socket  47359

Wed Mar  7 15:53:21 2018


 Elaboration Time: 0.12 sec

 Current Memory Usage: 230.068 Meg

 Total Signals          : 43
 Total Nets             : 320
 Total Signal Drivers   : 22
 Total Blocks           : 5
 Total Primitive Blocks : 2
 Total Processes        : 30
 Total Traceable Variables  : 38
 Total Scalar Nets and Variables : 1144
Total Line Count : 83

 Total Simulation Time: 0.17 sec

 Current Memory Usage: 305.558 Meg

Wed Mar  7 15:53:32 2018

