
****** PlanAhead v14.7 (64-bit)
  **** Build 321239 by xbuild on Fri Sep 27 19:24:36 MDT 2013
    ** Copyright 1986-1999, 2001-2013 Xilinx, Inc. All Rights Reserved.

INFO: [Common 17-78] Attempting to get a license: PlanAhead
INFO: [Common 17-290] Got license for PlanAhead
INFO: [Device 21-36] Loading parts and site information from /opt/Xilinx/14.7/ISE_DS/PlanAhead/data/parts/arch.xml
Parsing RTL primitives file [/opt/Xilinx/14.7/ISE_DS/PlanAhead/data/parts/xilinx/rtl/prims/rtl_prims.xml]
Finished parsing RTL primitives file [/opt/Xilinx/14.7/ISE_DS/PlanAhead/data/parts/xilinx/rtl/prims/rtl_prims.xml]
start_gui
source /users/misc/rharish/Lab10B/lab10/pa.fromHdl.tcl
# create_project -name lab10 -dir "/users/misc/rharish/Lab10B/lab10/planAhead_run_1" -part xc3s500efg320-4
create_project: Time (s): cpu = 00:00:34 ; elapsed = 00:00:20 . Memory (MB): peak = 2662.512 ; gain = 47.211
# set_param project.pinAheadLayout yes
# set srcset [get_property srcset [current_run -impl]]
# set_property target_constrs_file "lab10.ucf" [current_fileset -constrset]
Adding file '/users/misc/rharish/Lab10B/lab10/lab10.ucf' to fileset 'constrs_1'
# set hdlfile [add_files [list {lab10.v}]]
# set_property file_type Verilog $hdlfile
# set_property library work $hdlfile
# set_property top lab10 $srcset
# add_files [list {lab10.ucf}] -fileset [get_property constrset [current_run]]
# open_rtl_design -part xc3s500efg320-4
Using Verific elaboration
Parsing VHDL file "/opt/Xilinx/14.7/ISE_DS/PlanAhead/data/parts/xilinx/rtl/lib/synplify/synattr.vhd" into library synplify
Analyzing Verilog file "/users/misc/rharish/Lab10B/lab10/lab10.v" into library work
INFO: [Designutils 20-910] Reading macro library /opt/Xilinx/14.7/ISE_DS/PlanAhead/data/./parts/xilinx/spartan3e/spartan3e/hd_int_macros.edn
Parsing EDIF File [/opt/Xilinx/14.7/ISE_DS/PlanAhead/data/./parts/xilinx/spartan3e/spartan3e/hd_int_macros.edn]
Finished Parsing EDIF File [/opt/Xilinx/14.7/ISE_DS/PlanAhead/data/./parts/xilinx/spartan3e/spartan3e/hd_int_macros.edn]
Loading clock regions from /opt/Xilinx/14.7/ISE_DS/PlanAhead/data/parts/xilinx/spartan3e/spartan3e/xc3s500e/ClockRegion.xml
Loading clock buffers from /opt/Xilinx/14.7/ISE_DS/PlanAhead/data/parts/xilinx/spartan3e/spartan3e/xc3s500e/ClockBuffers.xml
Loading package from /opt/Xilinx/14.7/ISE_DS/PlanAhead/data/parts/xilinx/spartan3e/spartan3e/xc3s500e/fg320/Package.xml
Loading io standards from /opt/Xilinx/14.7/ISE_DS/PlanAhead/data/./parts/xilinx/spartan3e/IOStandards.xml
INFO: [Device 21-19] Loading pkg sso from /opt/Xilinx/14.7/ISE_DS/PlanAhead/data/parts/xilinx/spartan3e/spartan3e/xc3s500e/fg320/SSORules.xml
Loading list of drcs for the architecture : /opt/Xilinx/14.7/ISE_DS/PlanAhead/data/./parts/xilinx/spartan3e/spartan3e/drc.xml
INFO: [Timing 38-77] Reading timing library /opt/Xilinx/14.7/ISE_DS/PlanAhead/data/parts/xilinx/spartan3e/spartan3e/spartan3e-4.lib.
INFO: [Timing 38-34] Done reading timing library /opt/Xilinx/14.7/ISE_DS/PlanAhead/data/parts/xilinx/spartan3e/spartan3e/spartan3e-4.lib.
Parsing UCF File [/users/misc/rharish/Lab10B/lab10/lab10.ucf]
Finished Parsing UCF File [/users/misc/rharish/Lab10B/lab10/lab10.ucf]
INFO: [Project 1-111] Unisim Transformation Summary:
No Unisim elements were transformed.

Phase 0 | Netlist Checksum: ec31a75d
open_rtl_design: Time (s): cpu = 00:01:30 ; elapsed = 00:00:39 . Memory (MB): peak = 2796.957 ; gain = 134.445
update_compile_order -fileset sim_1
set_property package_pin "" [get_ports [list  {leds[0]}]]
set_property iostandard LVTTL [get_ports [list {leds[7]} {leds[6]} {leds[5]} {leds[4]} {leds[3]} {leds[2]} {leds[1]} {leds[0]}]]
set_property drive 8 [get_ports [list {leds[7]} {leds[6]} {leds[5]} {leds[4]} {leds[3]} {leds[2]} {leds[1]} {leds[0]}]]
startgroup
set_property package_pin F12 [get_ports {leds[0]}]
endgroup
startgroup
set_property package_pin E12 [get_ports {leds[1]}]
endgroup
startgroup
set_property package_pin E11 [get_ports {leds[2]}]
endgroup
startgroup
set_property package_pin F11 [get_ports {leds[3]}]
endgroup
startgroup
set_property package_pin C11 [get_ports {leds[4]}]
endgroup
startgroup
set_property package_pin D11 [get_ports {leds[5]}]
endgroup
startgroup
set_property package_pin E9 [get_ports {leds[6]}]
endgroup
startgroup
set_property package_pin F9 [get_ports {leds[7]}]
endgroup
set_property iostandard LVCMOS25 [get_ports [list clk]]
startgroup
set_property package_pin C9 [get_ports clk]
endgroup
set_property iostandard LVCMOS33 [get_ports [list clk]]
save_constraints
exit
ERROR: [Common 17-39] 'stop_gui' failed due to earlier errors.
INFO: [Common 17-206] Exiting PlanAhead at Wed Apr 11 15:21:24 2018...
INFO: [Common 17-83] Releasing license: PlanAhead
