#-----------------------------------------------------------
# PlanAhead v14.7 (64-bit)
# Build 321239 by xbuild on Fri Sep 27 19:24:36 MDT 2013
# Start of session at: Wed Mar 14 15:41:11 2018
# Process ID: 25640
# Log file: /media/rharish/Harish/CS220A_Labs/Lab5_1/lcd_2/planAhead_run_1/planAhead.log
# Journal file: /media/rharish/Harish/CS220A_Labs/Lab5_1/lcd_2/planAhead_run_1/planAhead.jou
#-----------------------------------------------------------
INFO: [Common 17-78] Attempting to get a license: PlanAhead
INFO: [Common 17-290] Got license for PlanAhead
INFO: [Device 21-36] Loading parts and site information from /opt/Xilinx/14.7/ISE_DS/PlanAhead/data/parts/arch.xml
Parsing RTL primitives file [/opt/Xilinx/14.7/ISE_DS/PlanAhead/data/parts/xilinx/rtl/prims/rtl_prims.xml]
Finished parsing RTL primitives file [/opt/Xilinx/14.7/ISE_DS/PlanAhead/data/parts/xilinx/rtl/prims/rtl_prims.xml]
start_gui
source /media/rharish/Harish/CS220A_Labs/Lab5_1/lcd_2/pa.fromHdl.tcl
# create_project -name lcd_2 -dir "/media/rharish/Harish/CS220A_Labs/Lab5_1/lcd_2/planAhead_run_1" -part xc3s500efg320-4
create_project: Time (s): cpu = 00:00:30 ; elapsed = 00:00:19 . Memory (MB): peak = 2648.910 ; gain = 16.141
# set_param project.pinAheadLayout yes
# set srcset [get_property srcset [current_run -impl]]
# set_property target_constrs_file "lcd_top.ucf" [current_fileset -constrset]
Adding file '/media/rharish/Harish/CS220A_Labs/Lab5_1/lcd_2/lcd_top.ucf' to fileset 'constrs_1'
# set hdlfile [add_files [list {lcd_driver.v}]]
# set_property file_type Verilog $hdlfile
# set_property library work $hdlfile
# set hdlfile [add_files [list {lcd_top.v}]]
# set_property file_type Verilog $hdlfile
# set_property library work $hdlfile
# set_property top lcd_top $srcset
# add_files [list {lcd_top.ucf}] -fileset [get_property constrset [current_run]]
# open_rtl_design -part xc3s500efg320-4
Using Verific elaboration
Parsing VHDL file "/opt/Xilinx/14.7/ISE_DS/PlanAhead/data/parts/xilinx/rtl/lib/synplify/synattr.vhd" into library synplify
Analyzing Verilog file "/media/rharish/Harish/CS220A_Labs/Lab5_1/lcd_2/lcd_driver.v" into library work
Analyzing Verilog file "/media/rharish/Harish/CS220A_Labs/Lab5_1/lcd_2/lcd_top.v" into library work
INFO: [Designutils 20-910] Reading macro library /opt/Xilinx/14.7/ISE_DS/PlanAhead/data/./parts/xilinx/spartan3e/spartan3e/hd_int_macros.edn
Parsing EDIF File [/opt/Xilinx/14.7/ISE_DS/PlanAhead/data/./parts/xilinx/spartan3e/spartan3e/hd_int_macros.edn]
Finished Parsing EDIF File [/opt/Xilinx/14.7/ISE_DS/PlanAhead/data/./parts/xilinx/spartan3e/spartan3e/hd_int_macros.edn]
Loading clock regions from /opt/Xilinx/14.7/ISE_DS/PlanAhead/data/parts/xilinx/spartan3e/spartan3e/xc3s500e/ClockRegion.xml
Loading clock buffers from /opt/Xilinx/14.7/ISE_DS/PlanAhead/data/parts/xilinx/spartan3e/spartan3e/xc3s500e/ClockBuffers.xml
Loading package from /opt/Xilinx/14.7/ISE_DS/PlanAhead/data/parts/xilinx/spartan3e/spartan3e/xc3s500e/fg320/Package.xml
Loading io standards from /opt/Xilinx/14.7/ISE_DS/PlanAhead/data/./parts/xilinx/spartan3e/IOStandards.xml
INFO: [Device 21-19] Loading pkg sso from /opt/Xilinx/14.7/ISE_DS/PlanAhead/data/parts/xilinx/spartan3e/spartan3e/xc3s500e/fg320/SSORules.xml
Loading list of drcs for the architecture : /opt/Xilinx/14.7/ISE_DS/PlanAhead/data/./parts/xilinx/spartan3e/spartan3e/drc.xml
INFO: [Timing 38-77] Reading timing library /opt/Xilinx/14.7/ISE_DS/PlanAhead/data/parts/xilinx/spartan3e/spartan3e/spartan3e-4.lib.
INFO: [Timing 38-34] Done reading timing library /opt/Xilinx/14.7/ISE_DS/PlanAhead/data/parts/xilinx/spartan3e/spartan3e/spartan3e-4.lib.
Parsing UCF File [/media/rharish/Harish/CS220A_Labs/Lab5_1/lcd_2/lcd_top.ucf]
Finished Parsing UCF File [/media/rharish/Harish/CS220A_Labs/Lab5_1/lcd_2/lcd_top.ucf]
INFO: [Project 1-111] Unisim Transformation Summary:
No Unisim elements were transformed.

Phase 0 | Netlist Checksum: 6aa9b7b0
open_rtl_design: Time (s): cpu = 00:01:20 ; elapsed = 00:00:39 . Memory (MB): peak = 2780.395 ; gain = 122.473
update_compile_order -fileset sim_1
refresh_design
INFO: [Timing 38-77] Reading timing library /opt/Xilinx/14.7/ISE_DS/PlanAhead/data/parts/xilinx/spartan3e/spartan3e/spartan3e-4.lib.
INFO: [Timing 38-34] Done reading timing library /opt/Xilinx/14.7/ISE_DS/PlanAhead/data/parts/xilinx/spartan3e/spartan3e/spartan3e-4.lib.
Parsing UCF File [/media/rharish/Harish/CS220A_Labs/Lab5_1/lcd_2/lcd_top.ucf]
Finished Parsing UCF File [/media/rharish/Harish/CS220A_Labs/Lab5_1/lcd_2/lcd_top.ucf]
refresh_design: Time (s): cpu = 00:00:37 ; elapsed = 00:00:19 . Memory (MB): peak = 2782.289 ; gain = 0.000
exit
ERROR: [#UNDEF] *** Exception: ui.h.b: Found deleted key in HTclEventBroker. Verify if the classes listed here call cleanup()
HTclEvent: DEBUG_PORT_CONFIG_CHANGE   Classes: ui.views.aR 
HTclEvent: DEBUG_CORE_CONFIG_CHANGE   Classes: ui.views.aR 
HTclEvent: SIGNAL_MODIFY   Classes: ui.views.aR 
HTclEvent: SIGNAL_BUS_MODIFY   Classes: ui.views.aR 
 (See /media/rharish/Harish/CS220A_Labs/Lab5_1/lcd_2/planAhead_pid25640.debug)
ERROR: [Common 17-39] 'stop_gui' failed due to earlier errors.
INFO: [Common 17-206] Exiting PlanAhead at Wed Mar 14 15:44:14 2018...
INFO: [Common 17-83] Releasing license: PlanAhead
