Release 14.7 - xst P.20131013 (lin64)
Copyright (c) 1995-2013 Xilinx, Inc.  All rights reserved.
--> 
Parameter TMPDIR set to xst/projnav.tmp


Total REAL time to Xst completion: 1.00 secs
Total CPU time to Xst completion: 0.04 secs
 
--> 
Parameter xsthdpdir set to xst


Total REAL time to Xst completion: 1.00 secs
Total CPU time to Xst completion: 0.04 secs
 
--> 
Reading design: registers.prj

TABLE OF CONTENTS
  1) Synthesis Options Summary
  2) HDL Compilation
  3) Design Hierarchy Analysis
  4) HDL Analysis
  5) HDL Synthesis
     5.1) HDL Synthesis Report
  6) Advanced HDL Synthesis
     6.1) Advanced HDL Synthesis Report
  7) Low Level Synthesis
  8) Partition Report
  9) Final Report
	9.1) Device utilization summary
	9.2) Partition Resource Summary
	9.3) TIMING REPORT


=========================================================================
*                      Synthesis Options Summary                        *
=========================================================================
---- Source Parameters
Input File Name                    : "registers.prj"
Input Format                       : mixed
Ignore Synthesis Constraint File   : NO

---- Target Parameters
Output File Name                   : "registers"
Output Format                      : NGC
Target Device                      : xc3s500e-4-fg320

---- Source Options
Top Module Name                    : registers
Automatic FSM Extraction           : YES
FSM Encoding Algorithm             : Auto
Safe Implementation                : No
FSM Style                          : LUT
RAM Extraction                     : Yes
RAM Style                          : Auto
ROM Extraction                     : Yes
Mux Style                          : Auto
Decoder Extraction                 : YES
Priority Encoder Extraction        : Yes
Shift Register Extraction          : YES
Logical Shifter Extraction         : YES
XOR Collapsing                     : YES
ROM Style                          : Auto
Mux Extraction                     : Yes
Resource Sharing                   : YES
Asynchronous To Synchronous        : NO
Multiplier Style                   : Auto
Automatic Register Balancing       : No

---- Target Options
Add IO Buffers                     : YES
Global Maximum Fanout              : 500
Add Generic Clock Buffer(BUFG)     : 24
Register Duplication               : YES
Slice Packing                      : YES
Optimize Instantiated Primitives   : NO
Use Clock Enable                   : Yes
Use Synchronous Set                : Yes
Use Synchronous Reset              : Yes
Pack IO Registers into IOBs        : Auto
Equivalent register Removal        : YES

---- General Options
Optimization Goal                  : Speed
Optimization Effort                : 1
Keep Hierarchy                     : No
Netlist Hierarchy                  : As_Optimized
RTL Output                         : Yes
Global Optimization                : AllClockNets
Read Cores                         : YES
Write Timing Constraints           : NO
Cross Clock Analysis               : NO
Hierarchy Separator                : /
Bus Delimiter                      : <>
Case Specifier                     : Maintain
Slice Utilization Ratio            : 100
BRAM Utilization Ratio             : 100
Verilog 2001                       : YES
Auto BRAM Packing                  : NO
Slice Utilization Ratio Delta      : 5

=========================================================================


=========================================================================
*                          HDL Compilation                              *
=========================================================================
Compiling verilog file "../../../../../../../mnt/Data/Dropbox/CS220A_Labs/Lab9_B/lab9/registers.v" in library work
Module <registers> compiled
No errors in compilation
Analysis of file <"registers.prj"> succeeded.
 

=========================================================================
*                     Design Hierarchy Analysis                         *
=========================================================================
Analyzing hierarchy for module <registers> in library <work>.


=========================================================================
*                            HDL Analysis                               *
=========================================================================
Analyzing top module <registers>.
INFO:Xst:1433 - Contents of array <memory> may be accessed with an index that exceeds the array size. This could cause simulation mismatch.
Module <registers> is correct for synthesis.
 

=========================================================================
*                           HDL Synthesis                               *
=========================================================================

Performing bidirectional port resolution...

Synthesizing Unit <registers>.
    Related source file is "../../../../../../../mnt/Data/Dropbox/CS220A_Labs/Lab9_B/lab9/registers.v".
WARNING:Xst:646 - Signal <temp<10:8>> is assigned but never used. This unconnected signal will be trimmed during the optimization process.
WARNING:Xst:1781 - Signal <memory> is used but never assigned. Tied to default value.
    Found 32x8-bit dual-port RAM <Mram_regs> for signal <regs>.
    Found 32x8-bit dual-port RAM <Mram_regs_ren> for signal <regs>.
    Found finite state machine <FSM_0> for signal <state>.
    -----------------------------------------------------------------------
    | States             | 6                                              |
    | Transitions        | 7                                              |
    | Inputs             | 1                                              |
    | Outputs            | 9                                              |
    | Clock              | clk                       (rising_edge)        |
    | Power Up State     | 000                                            |
    | Encoding           | automatic                                      |
    | Implementation     | LUT                                            |
    -----------------------------------------------------------------------
    Found 7x32-bit ROM for signal <$varindex0000> created at line 73.
    Found 8-bit register for signal <leds>.
    Found 8-bit register for signal <answer>.
    Found 8-bit addsub for signal <answer$mux0000>.
    Found 5-bit register for signal <destination>.
    Found 7-bit register for signal <func>.
    Found 8-bit register for signal <immediate>.
    Found 1-bit register for signal <invalid>.
    Found 6-bit register for signal <opcode>.
    Found 4-bit up counter for signal <pcounter>.
    Found 5-bit register for signal <rd>.
    Found 5-bit register for signal <rs>.
    Found 8-bit register for signal <rs_val>.
    Found 5-bit register for signal <rt>.
    Found 8-bit register for signal <rt_val>.
    Found 4-bit comparator less for signal <state$cmp_lt0000> created at line 128.
    Found 32-bit register for signal <temp>.
    Summary:
	inferred   1 Finite State Machine(s).
	inferred   2 RAM(s).
	inferred   1 ROM(s).
	inferred   1 Counter(s).
	inferred 106 D-type flip-flop(s).
	inferred   1 Adder/Subtractor(s).
	inferred   1 Comparator(s).
Unit <registers> synthesized.

INFO:Xst:1767 - HDL ADVISOR - Resource sharing has identified that some arithmetic operations in this design can share the same physical resources for reduced device utilization. For improved clock frequency you may try to disable resource sharing.

=========================================================================
HDL Synthesis Report

Macro Statistics
# RAMs                                                 : 2
 32x8-bit dual-port RAM                                : 2
# ROMs                                                 : 1
 7x32-bit ROM                                          : 1
# Adders/Subtractors                                   : 1
 8-bit addsub                                          : 1
# Counters                                             : 1
 4-bit up counter                                      : 1
# Registers                                            : 13
 1-bit register                                        : 1
 32-bit register                                       : 1
 5-bit register                                        : 4
 6-bit register                                        : 1
 7-bit register                                        : 1
 8-bit register                                        : 5
# Comparators                                          : 1
 4-bit comparator less                                 : 1

=========================================================================

=========================================================================
*                       Advanced HDL Synthesis                          *
=========================================================================

Analyzing FSM <FSM_0> for best encoding.
Optimizing FSM <state/FSM> on signal <state[1:6]> with one-hot encoding.
-------------------
 State | Encoding
-------------------
 000   | 000001
 001   | 000010
 010   | 000100
 011   | 001000
 100   | 010000
 101   | 100000
-------------------
WARNING:Xst:1710 - FF/Latch <func_6> (without init value) has a constant value of 0 in block <registers>. This FF/Latch will be trimmed during the optimization process.
WARNING:Xst:2677 - Node <temp_8> of sequential type is unconnected in block <registers>.
WARNING:Xst:2677 - Node <temp_9> of sequential type is unconnected in block <registers>.
WARNING:Xst:2677 - Node <temp_10> of sequential type is unconnected in block <registers>.
WARNING:Xst:2404 -  FFs/Latches <func<6:6>> (without init value) have a constant value of 0 in block <registers>.

Synthesizing (advanced) Unit <registers>.
INFO:Xst:3231 - The small RAM <Mram_regs_ren> will be implemented on LUTs in order to maximize performance and save block RAM resources. If you want to force its implementation on block, use option/constraint ram_style.
    -----------------------------------------------------------------------
    | ram_type           | Distributed                         |          |
    -----------------------------------------------------------------------
    | Port A                                                              |
    |     aspect ratio   | 32-word x 8-bit                     |          |
    |     clkA           | connected to signal <clk>           | rise     |
    |     weA            | connected to signal <_and0000_1>    | high     |
    |     addrA          | connected to signal <destination>   |          |
    |     diA            | connected to signal <answer>        |          |
    |     doA            | connected to internal node          |          |
    -----------------------------------------------------------------------
    | Port B                                                              |
    |     aspect ratio   | 32-word x 8-bit                     |          |
    |     addrB          | connected to signal <rt>            |          |
    |     doB            | connected to internal node          |          |
    -----------------------------------------------------------------------
INFO:Xst:3231 - The small RAM <Mram_regs> will be implemented on LUTs in order to maximize performance and save block RAM resources. If you want to force its implementation on block, use option/constraint ram_style.
    -----------------------------------------------------------------------
    | ram_type           | Distributed                         |          |
    -----------------------------------------------------------------------
    | Port A                                                              |
    |     aspect ratio   | 32-word x 8-bit                     |          |
    |     clkA           | connected to signal <clk>           | rise     |
    |     weA            | connected to signal <_and0000_0>    | high     |
    |     addrA          | connected to signal <destination>   |          |
    |     diA            | connected to signal <answer>        |          |
    -----------------------------------------------------------------------
    | Port B                                                              |
    |     aspect ratio   | 32-word x 8-bit                     |          |
    |     addrB          | connected to signal <rs>            |          |
    |     doB            | connected to internal node          |          |
    -----------------------------------------------------------------------
INFO:Xst:3034 - In order to maximize performance and save block RAM resources, the small ROM <Mrom__varindex0000> will be implemented on LUT. If you want to force its implementation on block, use option/constraint rom_style.
Unit <registers> synthesized (advanced).
WARNING:Xst:2677 - Node <temp_8> of sequential type is unconnected in block <registers>.
WARNING:Xst:2677 - Node <temp_9> of sequential type is unconnected in block <registers>.
WARNING:Xst:2677 - Node <temp_10> of sequential type is unconnected in block <registers>.

=========================================================================
Advanced HDL Synthesis Report

Macro Statistics
# FSMs                                                 : 1
# RAMs                                                 : 2
 32x8-bit dual-port distributed RAM                    : 2
# ROMs                                                 : 1
 7x32-bit ROM                                          : 1
# Adders/Subtractors                                   : 1
 8-bit addsub                                          : 1
# Counters                                             : 1
 4-bit up counter                                      : 1
# Registers                                            : 102
 Flip-Flops                                            : 102
# Comparators                                          : 1
 4-bit comparator less                                 : 1

=========================================================================

=========================================================================
*                         Low Level Synthesis                           *
=========================================================================
WARNING:Xst:1710 - FF/Latch <temp_19> (without init value) has a constant value of 0 in block <registers>. This FF/Latch will be trimmed during the optimization process.
WARNING:Xst:1895 - Due to other FF/Latch trimming, FF/Latch <temp_20> (without init value) has a constant value of 0 in block <registers>. This FF/Latch will be trimmed during the optimization process.
WARNING:Xst:1895 - Due to other FF/Latch trimming, FF/Latch <temp_24> (without init value) has a constant value of 0 in block <registers>. This FF/Latch will be trimmed during the optimization process.
WARNING:Xst:1895 - Due to other FF/Latch trimming, FF/Latch <temp_25> (without init value) has a constant value of 0 in block <registers>. This FF/Latch will be trimmed during the optimization process.
WARNING:Xst:1895 - Due to other FF/Latch trimming, FF/Latch <temp_27> (without init value) has a constant value of 0 in block <registers>. This FF/Latch will be trimmed during the optimization process.
WARNING:Xst:1895 - Due to other FF/Latch trimming, FF/Latch <temp_28> (without init value) has a constant value of 0 in block <registers>. This FF/Latch will be trimmed during the optimization process.
WARNING:Xst:1895 - Due to other FF/Latch trimming, FF/Latch <temp_30> (without init value) has a constant value of 0 in block <registers>. This FF/Latch will be trimmed during the optimization process.
WARNING:Xst:1895 - Due to other FF/Latch trimming, FF/Latch <temp_31> (without init value) has a constant value of 0 in block <registers>. This FF/Latch will be trimmed during the optimization process.
WARNING:Xst:1895 - Due to other FF/Latch trimming, FF/Latch <rs_3> (without init value) has a constant value of 0 in block <registers>. This FF/Latch will be trimmed during the optimization process.
WARNING:Xst:1895 - Due to other FF/Latch trimming, FF/Latch <rs_4> (without init value) has a constant value of 0 in block <registers>. This FF/Latch will be trimmed during the optimization process.
WARNING:Xst:1895 - Due to other FF/Latch trimming, FF/Latch <opcode_1> (without init value) has a constant value of 0 in block <registers>. This FF/Latch will be trimmed during the optimization process.
WARNING:Xst:1895 - Due to other FF/Latch trimming, FF/Latch <opcode_2> (without init value) has a constant value of 0 in block <registers>. This FF/Latch will be trimmed during the optimization process.
WARNING:Xst:1895 - Due to other FF/Latch trimming, FF/Latch <opcode_4> (without init value) has a constant value of 0 in block <registers>. This FF/Latch will be trimmed during the optimization process.
WARNING:Xst:1895 - Due to other FF/Latch trimming, FF/Latch <opcode_5> (without init value) has a constant value of 0 in block <registers>. This FF/Latch will be trimmed during the optimization process.
WARNING:Xst:1895 - Due to other FF/Latch trimming, FF/Latch <rt_3> (without init value) has a constant value of 0 in block <registers>. This FF/Latch will be trimmed during the optimization process.
WARNING:Xst:1895 - Due to other FF/Latch trimming, FF/Latch <rt_4> (without init value) has a constant value of 0 in block <registers>. This FF/Latch will be trimmed during the optimization process.
WARNING:Xst:2677 - Node <Mram_regs2> of sequential type is unconnected in block <registers>.
WARNING:Xst:2677 - Node <Mram_regs4> of sequential type is unconnected in block <registers>.
WARNING:Xst:2677 - Node <Mram_regs6> of sequential type is unconnected in block <registers>.
WARNING:Xst:2677 - Node <Mram_regs8> of sequential type is unconnected in block <registers>.
WARNING:Xst:2677 - Node <Mram_regs10> of sequential type is unconnected in block <registers>.
WARNING:Xst:2677 - Node <Mram_regs12> of sequential type is unconnected in block <registers>.
WARNING:Xst:2677 - Node <Mram_regs14> of sequential type is unconnected in block <registers>.
WARNING:Xst:2677 - Node <Mram_regs16> of sequential type is unconnected in block <registers>.
INFO:Xst:2261 - The FF/Latch <temp_6> in Unit <registers> is equivalent to the following 3 FFs/Latches, which will be removed : <temp_7> <temp_14> <temp_15> 
INFO:Xst:2261 - The FF/Latch <temp_11> in Unit <registers> is equivalent to the following FF/Latch, which will be removed : <temp_17> 
INFO:Xst:2261 - The FF/Latch <temp_26> in Unit <registers> is equivalent to the following FF/Latch, which will be removed : <temp_29> 
INFO:Xst:2261 - The FF/Latch <opcode_0> in Unit <registers> is equivalent to the following FF/Latch, which will be removed : <opcode_3> 
INFO:Xst:2261 - The FF/Latch <immediate_6> in Unit <registers> is equivalent to the following FF/Latch, which will be removed : <immediate_7> 
INFO:Xst:2261 - The FF/Latch <rd_3> in Unit <registers> is equivalent to the following FF/Latch, which will be removed : <rd_4> 
INFO:Xst:2261 - The FF/Latch <destination_3> in Unit <registers> is equivalent to the following FF/Latch, which will be removed : <destination_4> 

Optimizing unit <registers> ...
INFO:Xst:2261 - The FF/Latch <pcounter_2> in Unit <registers> is equivalent to the following FF/Latch, which will be removed : <temp_4> 
INFO:Xst:2261 - The FF/Latch <pcounter_2> in Unit <registers> is equivalent to the following FF/Latch, which will be removed : <temp_4> 
INFO:Xst:2261 - The FF/Latch <pcounter_2> in Unit <registers> is equivalent to the following FF/Latch, which will be removed : <temp_4> 

Mapping all equations...
Building and optimizing final netlist ...
Found area constraint ratio of 100 (+ 5) on block registers, actual ratio is 1.

Final Macro Processing ...

=========================================================================
Final Register Report

Macro Statistics
# Registers                                            : 86
 Flip-Flops                                            : 86

=========================================================================

=========================================================================
*                           Partition Report                            *
=========================================================================

Partition Implementation Status
-------------------------------

  No Partitions were found in this design.

-------------------------------

=========================================================================
*                            Final Report                               *
=========================================================================
Final Results
RTL Top Level Output File Name     : registers.ngr
Top Level Output File Name         : registers
Output Format                      : NGC
Optimization Goal                  : Speed
Keep Hierarchy                     : No

Design Statistics
# IOs                              : 9

Cell Usage :
# BELS                             : 86
#      GND                         : 1
#      INV                         : 2
#      LUT2                        : 13
#      LUT3                        : 37
#      LUT3_L                      : 2
#      LUT4                        : 14
#      LUT4_D                      : 2
#      MUXCY                       : 7
#      XORCY                       : 8
# FlipFlops/Latches                : 86
#      FD                          : 4
#      FDE                         : 80
#      FDR                         : 1
#      FDS                         : 1
# RAMS                             : 24
#      RAM16X1D                    : 24
# Clock Buffers                    : 1
#      BUFGP                       : 1
# IO Buffers                       : 8
#      OBUF                        : 8
=========================================================================

Device utilization summary:
---------------------------

Selected Device : 3s500efg320-4 

 Number of Slices:                       61  out of   4656     1%  
 Number of Slice Flip Flops:             86  out of   9312     0%  
 Number of 4 input LUTs:                118  out of   9312     1%  
    Number used as logic:                70
    Number used as RAMs:                 48
 Number of IOs:                           9
 Number of bonded IOBs:                   9  out of    232     3%  
 Number of GCLKs:                         1  out of     24     4%  

---------------------------
Partition Resource Summary:
---------------------------

  No Partitions were found in this design.

---------------------------


=========================================================================
TIMING REPORT

NOTE: THESE TIMING NUMBERS ARE ONLY A SYNTHESIS ESTIMATE.
      FOR ACCURATE TIMING INFORMATION PLEASE REFER TO THE TRACE REPORT
      GENERATED AFTER PLACE-and-ROUTE.

Clock Information:
------------------
-----------------------------------+------------------------+-------+
Clock Signal                       | Clock buffer(FF name)  | Load  |
-----------------------------------+------------------------+-------+
clk                                | BUFGP                  | 110   |
-----------------------------------+------------------------+-------+

Asynchronous Control Signals Information:
----------------------------------------
No asynchronous control signals found in this design

Timing Summary:
---------------
Speed Grade: -4

   Minimum period: 5.954ns (Maximum Frequency: 167.954MHz)
   Minimum input arrival time before clock: No path found
   Maximum output required time after clock: 4.283ns
   Maximum combinational path delay: No path found

Timing Detail:
--------------
All values displayed in nanoseconds (ns)

=========================================================================
Timing constraint: Default period analysis for Clock 'clk'
  Clock period: 5.954ns (frequency: 167.954MHz)
  Total number of paths / destination ports: 1247 / 384
-------------------------------------------------------------------------
Delay:               5.954ns (Levels of Logic = 11)
  Source:            func_1 (FF)
  Destination:       answer_7 (FF)
  Source Clock:      clk rising
  Destination Clock: clk rising

  Data Path: func_1 to answer_7
                                Gate     Net
    Cell:in->out      fanout   Delay   Delay  Logical Name (Net Name)
    ----------------------------------------  ------------
     FDE:C->Q              1   0.591   0.595  func_1 (func_1)
     LUT4_D:I0->LO         1   0.704   0.104  answer_mux00022_SW0 (N28)
     LUT4:I3->O            4   0.704   0.622  answer_mux00022 (answer_mux0002)
     LUT3:I2->O            1   0.704   0.000  Maddsub_answer_mux0000_lut<0> (Maddsub_answer_mux0000_lut<0>)
     MUXCY:S->O            1   0.464   0.000  Maddsub_answer_mux0000_cy<0> (Maddsub_answer_mux0000_cy<0>)
     MUXCY:CI->O           1   0.059   0.000  Maddsub_answer_mux0000_cy<1> (Maddsub_answer_mux0000_cy<1>)
     MUXCY:CI->O           1   0.059   0.000  Maddsub_answer_mux0000_cy<2> (Maddsub_answer_mux0000_cy<2>)
     MUXCY:CI->O           1   0.059   0.000  Maddsub_answer_mux0000_cy<3> (Maddsub_answer_mux0000_cy<3>)
     MUXCY:CI->O           1   0.059   0.000  Maddsub_answer_mux0000_cy<4> (Maddsub_answer_mux0000_cy<4>)
     MUXCY:CI->O           1   0.059   0.000  Maddsub_answer_mux0000_cy<5> (Maddsub_answer_mux0000_cy<5>)
     MUXCY:CI->O           0   0.059   0.000  Maddsub_answer_mux0000_cy<6> (Maddsub_answer_mux0000_cy<6>)
     XORCY:CI->O           1   0.804   0.000  Maddsub_answer_mux0000_xor<7> (answer_mux0000<7>)
     FDE:D                     0.308          answer_7
    ----------------------------------------
    Total                      5.954ns (4.633ns logic, 1.321ns route)
                                       (77.8% logic, 22.2% route)

=========================================================================
Timing constraint: Default OFFSET OUT AFTER for Clock 'clk'
  Total number of paths / destination ports: 8 / 8
-------------------------------------------------------------------------
Offset:              4.283ns (Levels of Logic = 1)
  Source:            leds_7 (FF)
  Destination:       leds<7> (PAD)
  Source Clock:      clk rising

  Data Path: leds_7 to leds<7>
                                Gate     Net
    Cell:in->out      fanout   Delay   Delay  Logical Name (Net Name)
    ----------------------------------------  ------------
     FDE:C->Q              1   0.591   0.420  leds_7 (leds_7)
     OBUF:I->O                 3.272          leds_7_OBUF (leds<7>)
    ----------------------------------------
    Total                      4.283ns (3.863ns logic, 0.420ns route)
                                       (90.2% logic, 9.8% route)

=========================================================================


Total REAL time to Xst completion: 4.00 secs
Total CPU time to Xst completion: 3.81 secs
 
--> 


Total memory usage is 520640 kilobytes

Number of errors   :    0 (   0 filtered)
Number of warnings :   34 (   0 filtered)
Number of infos    :   15 (   0 filtered)

