Release 14.7 - xst P.20131013 (lin64)
Copyright (c) 1995-2013 Xilinx, Inc.  All rights reserved.
--> 
Parameter TMPDIR set to xst/projnav.tmp


Total REAL time to Xst completion: 0.00 secs
Total CPU time to Xst completion: 0.23 secs
 
--> 
Parameter xsthdpdir set to xst


Total REAL time to Xst completion: 0.00 secs
Total CPU time to Xst completion: 0.23 secs
 
--> 
Reading design: led_walk_top.prj

TABLE OF CONTENTS
  1) Synthesis Options Summary
  2) HDL Compilation
  3) Design Hierarchy Analysis
  4) HDL Analysis
  5) HDL Synthesis
     5.1) HDL Synthesis Report
  6) Advanced HDL Synthesis
     6.1) Advanced HDL Synthesis Report
  7) Low Level Synthesis
  8) Partition Report
  9) Final Report
	9.1) Device utilization summary
	9.2) Partition Resource Summary
	9.3) TIMING REPORT


=========================================================================
*                      Synthesis Options Summary                        *
=========================================================================
---- Source Parameters
Input File Name                    : "led_walk_top.prj"
Input Format                       : mixed
Ignore Synthesis Constraint File   : NO

---- Target Parameters
Output File Name                   : "led_walk_top"
Output Format                      : NGC
Target Device                      : xc3s500e-4-fg320

---- Source Options
Top Module Name                    : led_walk_top
Automatic FSM Extraction           : YES
FSM Encoding Algorithm             : Auto
Safe Implementation                : No
FSM Style                          : LUT
RAM Extraction                     : Yes
RAM Style                          : Auto
ROM Extraction                     : Yes
Mux Style                          : Auto
Decoder Extraction                 : YES
Priority Encoder Extraction        : Yes
Shift Register Extraction          : YES
Logical Shifter Extraction         : YES
XOR Collapsing                     : YES
ROM Style                          : Auto
Mux Extraction                     : Yes
Resource Sharing                   : YES
Asynchronous To Synchronous        : NO
Multiplier Style                   : Auto
Automatic Register Balancing       : No

---- Target Options
Add IO Buffers                     : YES
Global Maximum Fanout              : 500
Add Generic Clock Buffer(BUFG)     : 24
Register Duplication               : YES
Slice Packing                      : YES
Optimize Instantiated Primitives   : NO
Use Clock Enable                   : Yes
Use Synchronous Set                : Yes
Use Synchronous Reset              : Yes
Pack IO Registers into IOBs        : Auto
Equivalent register Removal        : YES

---- General Options
Optimization Goal                  : Speed
Optimization Effort                : 1
Keep Hierarchy                     : No
Netlist Hierarchy                  : As_Optimized
RTL Output                         : Yes
Global Optimization                : AllClockNets
Read Cores                         : YES
Write Timing Constraints           : NO
Cross Clock Analysis               : NO
Hierarchy Separator                : /
Bus Delimiter                      : <>
Case Specifier                     : Maintain
Slice Utilization Ratio            : 100
BRAM Utilization Ratio             : 100
Verilog 2001                       : YES
Auto BRAM Packing                  : NO
Slice Utilization Ratio Delta      : 5

=========================================================================


=========================================================================
*                          HDL Compilation                              *
=========================================================================
Compiling verilog file "full_adder.v" in library work
Compiling verilog file "five_bit_adder.v" in library work
Module <full_adder> compiled
Compiling verilog file "led_walk.v" in library work
Module <five_bit_adder> compiled
Compiling verilog file "led_walk_top.v" in library work
Module <led_walk> compiled
Module <led_walk_top> compiled
No errors in compilation
Analysis of file <"led_walk_top.prj"> succeeded.
 

=========================================================================
*                     Design Hierarchy Analysis                         *
=========================================================================
Analyzing hierarchy for module <led_walk_top> in library <work>.

Analyzing hierarchy for module <led_walk> in library <work>.

Analyzing hierarchy for module <five_bit_adder> in library <work>.

Analyzing hierarchy for module <full_adder> in library <work>.


=========================================================================
*                            HDL Analysis                               *
=========================================================================
Analyzing top module <led_walk_top>.
Module <led_walk_top> is correct for synthesis.
 
Analyzing module <led_walk> in library <work>.
Module <led_walk> is correct for synthesis.
 
Analyzing module <five_bit_adder> in library <work>.
Module <five_bit_adder> is correct for synthesis.
 
Analyzing module <full_adder> in library <work>.
Module <full_adder> is correct for synthesis.
 

=========================================================================
*                           HDL Synthesis                               *
=========================================================================

Performing bidirectional port resolution...

Synthesizing Unit <full_adder>.
    Related source file is "full_adder.v".
    Found 1-bit xor3 for signal <sum>.
    Summary:
	inferred   1 Xor(s).
Unit <full_adder> synthesized.


Synthesizing Unit <five_bit_adder>.
    Related source file is "five_bit_adder.v".
    Found 4-bit register for signal <fa>.
    Found 1-bit xor2 for signal <$xor0000> created at line 31.
    Found 1-bit xor2 for signal <$xor0001> created at line 32.
    Summary:
	inferred   4 D-type flip-flop(s).
Unit <five_bit_adder> synthesized.


Synthesizing Unit <led_walk>.
    Related source file is "led_walk.v".
    Found 4-bit register for signal <x>.
    Found 4-bit register for signal <y>.
    Found 2-bit register for signal <dx>.
    Found 2-bit register for signal <dy>.
    Found 1-bit register for signal <opnx>.
    Found 1-bit register for signal <opny>.
    Found 1-bit 4-to-1 multiplexer for signal <opny$mux0000>.
    Found 1-bit register for signal <prev_rot_eve>.
    Found 1-bit register for signal <rot_eve>.
    Summary:
	inferred  16 D-type flip-flop(s).
	inferred   1 Multiplexer(s).
Unit <led_walk> synthesized.


Synthesizing Unit <led_walk_top>.
    Related source file is "led_walk_top.v".
Unit <led_walk_top> synthesized.


=========================================================================
HDL Synthesis Report

Macro Statistics
# Registers                                            : 10
 1-bit register                                        : 4
 2-bit register                                        : 2
 4-bit register                                        : 4
# Multiplexers                                         : 1
 1-bit 4-to-1 multiplexer                              : 1
# Xors                                                 : 12
 1-bit xor2                                            : 4
 1-bit xor3                                            : 8

=========================================================================

=========================================================================
*                       Advanced HDL Synthesis                          *
=========================================================================


=========================================================================
Advanced HDL Synthesis Report

Macro Statistics
# Registers                                            : 24
 Flip-Flops                                            : 24
# Xors                                                 : 12
 1-bit xor2                                            : 4
 1-bit xor3                                            : 8

=========================================================================

=========================================================================
*                         Low Level Synthesis                           *
=========================================================================

Optimizing unit <led_walk_top> ...

Optimizing unit <five_bit_adder> ...

Optimizing unit <led_walk> ...

Mapping all equations...
Building and optimizing final netlist ...
Found area constraint ratio of 100 (+ 5) on block led_walk_top, actual ratio is 0.

Final Macro Processing ...

=========================================================================
Final Register Report

Macro Statistics
# Registers                                            : 24
 Flip-Flops                                            : 24

=========================================================================

=========================================================================
*                           Partition Report                            *
=========================================================================

Partition Implementation Status
-------------------------------

  No Partitions were found in this design.

-------------------------------

=========================================================================
*                            Final Report                               *
=========================================================================
Final Results
RTL Top Level Output File Name     : led_walk_top.ngr
Top Level Output File Name         : led_walk_top
Output Format                      : NGC
Optimization Goal                  : Speed
Keep Hierarchy                     : No

Design Statistics
# IOs                              : 15

Cell Usage :
# BELS                             : 36
#      GND                         : 1
#      LUT2                        : 9
#      LUT3                        : 2
#      LUT3_D                      : 2
#      LUT4                        : 14
#      LUT4_L                      : 8
# FlipFlops/Latches                : 24
#      FD                          : 1
#      FDE                         : 14
#      FDRS                        : 8
#      FDSE                        : 1
# Clock Buffers                    : 1
#      BUFGP                       : 1
# IO Buffers                       : 14
#      IBUF                        : 6
#      OBUF                        : 8
=========================================================================

Device utilization summary:
---------------------------

Selected Device : 3s500efg320-4 

 Number of Slices:                       20  out of   4656     0%  
 Number of Slice Flip Flops:             24  out of   9312     0%  
 Number of 4 input LUTs:                 35  out of   9312     0%  
 Number of IOs:                          15
 Number of bonded IOBs:                  15  out of    232     6%  
 Number of GCLKs:                         1  out of     24     4%  

---------------------------
Partition Resource Summary:
---------------------------

  No Partitions were found in this design.

---------------------------


=========================================================================
TIMING REPORT

NOTE: THESE TIMING NUMBERS ARE ONLY A SYNTHESIS ESTIMATE.
      FOR ACCURATE TIMING INFORMATION PLEASE REFER TO THE TRACE REPORT
      GENERATED AFTER PLACE-and-ROUTE.

Clock Information:
------------------
-----------------------------------+------------------------+-------+
Clock Signal                       | Clock buffer(FF name)  | Load  |
-----------------------------------+------------------------+-------+
clk                                | BUFGP                  | 24    |
-----------------------------------+------------------------+-------+

Asynchronous Control Signals Information:
----------------------------------------
No asynchronous control signals found in this design

Timing Summary:
---------------
Speed Grade: -4

   Minimum period: 4.445ns (Maximum Frequency: 224.972MHz)
   Minimum input arrival time before clock: 3.875ns
   Maximum output required time after clock: 4.571ns
   Maximum combinational path delay: No path found

Timing Detail:
--------------
All values displayed in nanoseconds (ns)

=========================================================================
Timing constraint: Default period analysis for Clock 'clk'
  Clock period: 4.445ns (frequency: 224.972MHz)
  Total number of paths / destination ports: 211 / 49
-------------------------------------------------------------------------
Delay:               4.445ns (Levels of Logic = 2)
  Source:            LW/dx_0 (FF)
  Destination:       LW/FA1/fa_0 (FF)
  Source Clock:      clk rising
  Destination Clock: clk rising

  Data Path: LW/dx_0 to LW/FA1/fa_0
                                Gate     Net
    Cell:in->out      fanout   Delay   Delay  Logical Name (Net Name)
    ----------------------------------------  ------------
     FDE:C->Q              6   0.591   0.844  LW/dx_0 (LW/dx_0)
     LUT4_L:I0->LO         1   0.704   0.104  LW/FA1/fa_and00011_SW0 (N22)
     LUT4:I3->O            4   0.704   0.587  LW/FA1/fa_and00011 (LW/FA1/fa_and0001)
     FDRS:S                    0.911          LW/FA1/fa_0
    ----------------------------------------
    Total                      4.445ns (2.910ns logic, 1.535ns route)
                                       (65.5% logic, 34.5% route)

=========================================================================
Timing constraint: Default OFFSET IN BEFORE for Clock 'clk'
  Total number of paths / destination ports: 16 / 8
-------------------------------------------------------------------------
Offset:              3.875ns (Levels of Logic = 2)
  Source:            rot_a (PAD)
  Destination:       LW/rot_eve (FF)
  Destination Clock: clk rising

  Data Path: rot_a to LW/rot_eve
                                Gate     Net
    Cell:in->out      fanout   Delay   Delay  Logical Name (Net Name)
    ----------------------------------------  ------------
     IBUF:I->O             2   1.218   0.622  rot_a_IBUF (rot_a_IBUF)
     LUT2:I0->O            1   0.704   0.420  LW/rot_eve_and00001 (LW/rot_eve_and0000)
     FDSE:S                    0.911          LW/rot_eve
    ----------------------------------------
    Total                      3.875ns (2.833ns logic, 1.042ns route)
                                       (73.1% logic, 26.9% route)

=========================================================================
Timing constraint: Default OFFSET OUT AFTER for Clock 'clk'
  Total number of paths / destination ports: 8 / 8
-------------------------------------------------------------------------
Offset:              4.571ns (Levels of Logic = 1)
  Source:            LW/y_1 (FF)
  Destination:       led<5> (PAD)
  Source Clock:      clk rising

  Data Path: LW/y_1 to led<5>
                                Gate     Net
    Cell:in->out      fanout   Delay   Delay  Logical Name (Net Name)
    ----------------------------------------  ------------
     FDE:C->Q              7   0.591   0.708  LW/y_1 (LW/y_1)
     OBUF:I->O                 3.272          led_5_OBUF (led<5>)
    ----------------------------------------
    Total                      4.571ns (3.863ns logic, 0.708ns route)
                                       (84.5% logic, 15.5% route)

=========================================================================


Total REAL time to Xst completion: 32.00 secs
Total CPU time to Xst completion: 29.79 secs
 
--> 


Total memory usage is 519496 kilobytes

Number of errors   :    0 (   0 filtered)
Number of warnings :    0 (   0 filtered)
Number of infos    :    0 (   0 filtered)

