Release 14.7 - xst P.20131013 (lin64)
Copyright (c) 1995-2013 Xilinx, Inc.  All rights reserved.
--> 
Parameter TMPDIR set to xst/projnav.tmp


Total REAL time to Xst completion: 0.00 secs
Total CPU time to Xst completion: 0.04 secs
 
--> 
Parameter xsthdpdir set to xst


Total REAL time to Xst completion: 0.00 secs
Total CPU time to Xst completion: 0.04 secs
 
--> 
Reading design: registers.prj

TABLE OF CONTENTS
  1) Synthesis Options Summary
  2) HDL Compilation
  3) Design Hierarchy Analysis
  4) HDL Analysis
  5) HDL Synthesis
     5.1) HDL Synthesis Report
  6) Advanced HDL Synthesis
     6.1) Advanced HDL Synthesis Report
  7) Low Level Synthesis
  8) Partition Report
  9) Final Report
	9.1) Device utilization summary
	9.2) Partition Resource Summary
	9.3) TIMING REPORT


=========================================================================
*                      Synthesis Options Summary                        *
=========================================================================
---- Source Parameters
Input File Name                    : "registers.prj"
Input Format                       : mixed
Ignore Synthesis Constraint File   : NO

---- Target Parameters
Output File Name                   : "registers"
Output Format                      : NGC
Target Device                      : xc3s500e-4-fg320

---- Source Options
Top Module Name                    : registers
Automatic FSM Extraction           : YES
FSM Encoding Algorithm             : Auto
Safe Implementation                : No
FSM Style                          : LUT
RAM Extraction                     : Yes
RAM Style                          : Auto
ROM Extraction                     : Yes
Mux Style                          : Auto
Decoder Extraction                 : YES
Priority Encoder Extraction        : Yes
Shift Register Extraction          : YES
Logical Shifter Extraction         : YES
XOR Collapsing                     : YES
ROM Style                          : Auto
Mux Extraction                     : Yes
Resource Sharing                   : YES
Asynchronous To Synchronous        : NO
Multiplier Style                   : Auto
Automatic Register Balancing       : No

---- Target Options
Add IO Buffers                     : YES
Global Maximum Fanout              : 500
Add Generic Clock Buffer(BUFG)     : 24
Register Duplication               : YES
Slice Packing                      : YES
Optimize Instantiated Primitives   : NO
Use Clock Enable                   : Yes
Use Synchronous Set                : Yes
Use Synchronous Reset              : Yes
Pack IO Registers into IOBs        : Auto
Equivalent register Removal        : YES

---- General Options
Optimization Goal                  : Speed
Optimization Effort                : 1
Keep Hierarchy                     : No
Netlist Hierarchy                  : As_Optimized
RTL Output                         : Yes
Global Optimization                : AllClockNets
Read Cores                         : YES
Write Timing Constraints           : NO
Cross Clock Analysis               : NO
Hierarchy Separator                : /
Bus Delimiter                      : <>
Case Specifier                     : Maintain
Slice Utilization Ratio            : 100
BRAM Utilization Ratio             : 100
Verilog 2001                       : YES
Auto BRAM Packing                  : NO
Slice Utilization Ratio Delta      : 5

=========================================================================


=========================================================================
*                          HDL Compilation                              *
=========================================================================
Compiling verilog file "../../../../../../../mnt/Data/Dropbox/CS220A_Labs/Lab8_A/decoder_xor/registers.v" in library work
Module <registers> compiled
No errors in compilation
Analysis of file <"registers.prj"> succeeded.
 

=========================================================================
*                     Design Hierarchy Analysis                         *
=========================================================================
Analyzing hierarchy for module <registers> in library <work>.


=========================================================================
*                            HDL Analysis                               *
=========================================================================
Analyzing top module <registers>.
Module <registers> is correct for synthesis.
 

=========================================================================
*                           HDL Synthesis                               *
=========================================================================

Performing bidirectional port resolution...

Synthesizing Unit <registers>.
    Related source file is "../../../../../../../mnt/Data/Dropbox/CS220A_Labs/Lab8_A/decoder_xor/registers.v".
WARNING:Xst:1781 - Signal <data> is used but never assigned. Tied to default value.
    Found 32x8-bit ROM for signal <$varindex0000> created at line 52.
    Found 8-bit register for signal <leds>.
    Found 5-bit up counter for signal <counter>.
    Found 5-bit comparator less for signal <counter$cmp_lt0000> created at line 77.
    Found 1-bit xor8 for signal <leds_0$xor0000> created at line 85.
    Found 8-bit register for signal <xor_out>.
    Summary:
	inferred   1 ROM(s).
	inferred   1 Counter(s).
	inferred  16 D-type flip-flop(s).
	inferred   1 Comparator(s).
	inferred   1 Xor(s).
Unit <registers> synthesized.


=========================================================================
HDL Synthesis Report

Macro Statistics
# ROMs                                                 : 1
 32x8-bit ROM                                          : 1
# Counters                                             : 1
 5-bit up counter                                      : 1
# Registers                                            : 9
 1-bit register                                        : 8
 8-bit register                                        : 1
# Comparators                                          : 1
 5-bit comparator less                                 : 1
# Xors                                                 : 1
 1-bit xor8                                            : 1

=========================================================================

=========================================================================
*                       Advanced HDL Synthesis                          *
=========================================================================


=========================================================================
Advanced HDL Synthesis Report

Macro Statistics
# ROMs                                                 : 1
 32x8-bit ROM                                          : 1
# Counters                                             : 1
 5-bit up counter                                      : 1
# Registers                                            : 16
 Flip-Flops                                            : 16
# Comparators                                          : 1
 5-bit comparator less                                 : 1
# Xors                                                 : 1
 1-bit xor8                                            : 1

=========================================================================

=========================================================================
*                         Low Level Synthesis                           *
=========================================================================

Optimizing unit <registers> ...
WARNING:Xst:1293 - FF/Latch <xor_out_1> has a constant value of 0 in block <registers>. This FF/Latch will be trimmed during the optimization process.
WARNING:Xst:1896 - Due to other FF/Latch trimming, FF/Latch <xor_out_6> has a constant value of 0 in block <registers>. This FF/Latch will be trimmed during the optimization process.
WARNING:Xst:1895 - Due to other FF/Latch trimming, FF/Latch <leds_6> (without init value) has a constant value of 0 in block <registers>. This FF/Latch will be trimmed during the optimization process.
WARNING:Xst:1895 - Due to other FF/Latch trimming, FF/Latch <leds_1> (without init value) has a constant value of 0 in block <registers>. This FF/Latch will be trimmed during the optimization process.

Mapping all equations...
Building and optimizing final netlist ...
Found area constraint ratio of 100 (+ 5) on block registers, actual ratio is 0.

Final Macro Processing ...

=========================================================================
Final Register Report

Macro Statistics
# Registers                                            : 17
 Flip-Flops                                            : 17

=========================================================================

=========================================================================
*                           Partition Report                            *
=========================================================================

Partition Implementation Status
-------------------------------

  No Partitions were found in this design.

-------------------------------

=========================================================================
*                            Final Report                               *
=========================================================================
Final Results
RTL Top Level Output File Name     : registers.ngr
Top Level Output File Name         : registers
Output Format                      : NGC
Optimization Goal                  : Speed
Keep Hierarchy                     : No

Design Statistics
# IOs                              : 10

Cell Usage :
# BELS                             : 21
#      GND                         : 1
#      INV                         : 1
#      LUT2                        : 2
#      LUT2_D                      : 1
#      LUT2_L                      : 1
#      LUT3                        : 1
#      LUT3_L                      : 4
#      LUT4                        : 9
#      LUT4_L                      : 1
# FlipFlops/Latches                : 17
#      FD                          : 7
#      FDE                         : 5
#      FDR                         : 5
# Clock Buffers                    : 1
#      BUFGP                       : 1
# IO Buffers                       : 9
#      IBUF                        : 1
#      OBUF                        : 8
=========================================================================

Device utilization summary:
---------------------------

Selected Device : 3s500efg320-4 

 Number of Slices:                       13  out of   4656     0%  
 Number of Slice Flip Flops:             17  out of   9312     0%  
 Number of 4 input LUTs:                 20  out of   9312     0%  
 Number of IOs:                          10
 Number of bonded IOBs:                  10  out of    232     4%  
 Number of GCLKs:                         1  out of     24     4%  

---------------------------
Partition Resource Summary:
---------------------------

  No Partitions were found in this design.

---------------------------


=========================================================================
TIMING REPORT

NOTE: THESE TIMING NUMBERS ARE ONLY A SYNTHESIS ESTIMATE.
      FOR ACCURATE TIMING INFORMATION PLEASE REFER TO THE TRACE REPORT
      GENERATED AFTER PLACE-and-ROUTE.

Clock Information:
------------------
-----------------------------------+------------------------+-------+
Clock Signal                       | Clock buffer(FF name)  | Load  |
-----------------------------------+------------------------+-------+
clk                                | BUFGP                  | 17    |
-----------------------------------+------------------------+-------+

Asynchronous Control Signals Information:
----------------------------------------
No asynchronous control signals found in this design

Timing Summary:
---------------
Speed Grade: -4

   Minimum period: 3.726ns (Maximum Frequency: 268.384MHz)
   Minimum input arrival time before clock: 3.074ns
   Maximum output required time after clock: 4.283ns
   Maximum combinational path delay: No path found

Timing Detail:
--------------
All values displayed in nanoseconds (ns)

=========================================================================
Timing constraint: Default period analysis for Clock 'clk'
  Clock period: 3.726ns (frequency: 268.384MHz)
  Total number of paths / destination ports: 70 / 22
-------------------------------------------------------------------------
Delay:               3.726ns (Levels of Logic = 2)
  Source:            counter_1 (FF)
  Destination:       counter_4 (FF)
  Source Clock:      clk rising
  Destination Clock: clk rising

  Data Path: counter_1 to counter_4
                                Gate     Net
    Cell:in->out      fanout   Delay   Delay  Logical Name (Net Name)
    ----------------------------------------  ------------
     FDE:C->Q              9   0.591   0.995  counter_1 (counter_1)
     LUT2_D:I0->O          1   0.704   0.424  Mcount_counter_xor<2>111 (N10)
     LUT4:I3->O            1   0.704   0.000  Mcount_counter_xor<4>11 (Result<4>)
     FDE:D                     0.308          counter_4
    ----------------------------------------
    Total                      3.726ns (2.307ns logic, 1.419ns route)
                                       (61.9% logic, 38.1% route)

=========================================================================
Timing constraint: Default OFFSET IN BEFORE for Clock 'clk'
  Total number of paths / destination ports: 6 / 6
-------------------------------------------------------------------------
Offset:              3.074ns (Levels of Logic = 2)
  Source:            switch (PAD)
  Destination:       leds_0 (FF)
  Destination Clock: clk rising

  Data Path: switch to leds_0
                                Gate     Net
    Cell:in->out      fanout   Delay   Delay  Logical Name (Net Name)
    ----------------------------------------  ------------
     IBUF:I->O             6   1.218   0.844  switch_IBUF (switch_IBUF)
     LUT4:I0->O            1   0.704   0.000  leds_0_mux0000 (leds_0_mux0000)
     FD:D                      0.308          leds_0
    ----------------------------------------
    Total                      3.074ns (2.230ns logic, 0.844ns route)
                                       (72.5% logic, 27.5% route)

=========================================================================
Timing constraint: Default OFFSET OUT AFTER for Clock 'clk'
  Total number of paths / destination ports: 6 / 6
-------------------------------------------------------------------------
Offset:              4.283ns (Levels of Logic = 1)
  Source:            leds_7 (FF)
  Destination:       leds<7> (PAD)
  Source Clock:      clk rising

  Data Path: leds_7 to leds<7>
                                Gate     Net
    Cell:in->out      fanout   Delay   Delay  Logical Name (Net Name)
    ----------------------------------------  ------------
     FDR:C->Q              1   0.591   0.420  leds_7 (leds_7)
     OBUF:I->O                 3.272          leds_7_OBUF (leds<7>)
    ----------------------------------------
    Total                      4.283ns (3.863ns logic, 0.420ns route)
                                       (90.2% logic, 9.8% route)

=========================================================================


Total REAL time to Xst completion: 3.00 secs
Total CPU time to Xst completion: 3.23 secs
 
--> 


Total memory usage is 510172 kilobytes

Number of errors   :    0 (   0 filtered)
Number of warnings :    5 (   0 filtered)
Number of infos    :    0 (   0 filtered)

