Release 14.7 - xst P.20131013 (lin64)
Copyright (c) 1995-2013 Xilinx, Inc.  All rights reserved.
--> 
Parameter TMPDIR set to xst/projnav.tmp


Total REAL time to Xst completion: 0.00 secs
Total CPU time to Xst completion: 0.22 secs
 
--> 
Parameter xsthdpdir set to xst


Total REAL time to Xst completion: 0.00 secs
Total CPU time to Xst completion: 0.22 secs
 
--> 
Reading design: eight_bit_comparator.prj

TABLE OF CONTENTS
  1) Synthesis Options Summary
  2) HDL Compilation
  3) Design Hierarchy Analysis
  4) HDL Analysis
  5) HDL Synthesis
     5.1) HDL Synthesis Report
  6) Advanced HDL Synthesis
     6.1) Advanced HDL Synthesis Report
  7) Low Level Synthesis
  8) Partition Report
  9) Final Report
	9.1) Device utilization summary
	9.2) Partition Resource Summary
	9.3) TIMING REPORT


=========================================================================
*                      Synthesis Options Summary                        *
=========================================================================
---- Source Parameters
Input File Name                    : "eight_bit_comparator.prj"
Input Format                       : mixed
Ignore Synthesis Constraint File   : NO

---- Target Parameters
Output File Name                   : "eight_bit_comparator"
Output Format                      : NGC
Target Device                      : xc3s500e-4-fg320

---- Source Options
Top Module Name                    : eight_bit_comparator
Automatic FSM Extraction           : YES
FSM Encoding Algorithm             : Auto
Safe Implementation                : No
FSM Style                          : LUT
RAM Extraction                     : Yes
RAM Style                          : Auto
ROM Extraction                     : Yes
Mux Style                          : Auto
Decoder Extraction                 : YES
Priority Encoder Extraction        : Yes
Shift Register Extraction          : YES
Logical Shifter Extraction         : YES
XOR Collapsing                     : YES
ROM Style                          : Auto
Mux Extraction                     : Yes
Resource Sharing                   : YES
Asynchronous To Synchronous        : NO
Multiplier Style                   : Auto
Automatic Register Balancing       : No

---- Target Options
Add IO Buffers                     : YES
Global Maximum Fanout              : 500
Add Generic Clock Buffer(BUFG)     : 24
Register Duplication               : YES
Slice Packing                      : YES
Optimize Instantiated Primitives   : NO
Use Clock Enable                   : Yes
Use Synchronous Set                : Yes
Use Synchronous Reset              : Yes
Pack IO Registers into IOBs        : Auto
Equivalent register Removal        : YES

---- General Options
Optimization Goal                  : Speed
Optimization Effort                : 1
Keep Hierarchy                     : No
Netlist Hierarchy                  : As_Optimized
RTL Output                         : Yes
Global Optimization                : AllClockNets
Read Cores                         : YES
Write Timing Constraints           : NO
Cross Clock Analysis               : NO
Hierarchy Separator                : /
Bus Delimiter                      : <>
Case Specifier                     : Maintain
Slice Utilization Ratio            : 100
BRAM Utilization Ratio             : 100
Verilog 2001                       : YES
Auto BRAM Packing                  : NO
Slice Utilization Ratio Delta      : 5

=========================================================================


=========================================================================
*                          HDL Compilation                              *
=========================================================================
Compiling verilog file "one_bit_compare.v" in library work
Compiling verilog file "eight_bit_comparator.v" in library work
Module <one_bit_compare> compiled
Module <eight_bit_comparator> compiled
No errors in compilation
Analysis of file <"eight_bit_comparator.prj"> succeeded.
 

=========================================================================
*                     Design Hierarchy Analysis                         *
=========================================================================
Analyzing hierarchy for module <eight_bit_comparator> in library <work>.

Analyzing hierarchy for module <one_bit_compare> in library <work>.


=========================================================================
*                            HDL Analysis                               *
=========================================================================
Analyzing top module <eight_bit_comparator>.
Module <eight_bit_comparator> is correct for synthesis.
 
Analyzing module <one_bit_compare> in library <work>.
Module <one_bit_compare> is correct for synthesis.
 

=========================================================================
*                           HDL Synthesis                               *
=========================================================================

Performing bidirectional port resolution...

Synthesizing Unit <one_bit_compare>.
    Related source file is "one_bit_compare.v".
    Found 1-bit xor2 for signal <equal_now$xor0000> created at line 37.
Unit <one_bit_compare> synthesized.


Synthesizing Unit <eight_bit_comparator>.
    Related source file is "eight_bit_comparator.v".
    Found 8-bit register for signal <a>.
    Found 8-bit register for signal <b>.
    Summary:
	inferred  16 D-type flip-flop(s).
Unit <eight_bit_comparator> synthesized.


=========================================================================
HDL Synthesis Report

Macro Statistics
# Registers                                            : 16
 1-bit register                                        : 16
# Xors                                                 : 8
 1-bit xor2                                            : 8

=========================================================================

=========================================================================
*                       Advanced HDL Synthesis                          *
=========================================================================


=========================================================================
Advanced HDL Synthesis Report

Macro Statistics
# Registers                                            : 16
 Flip-Flops                                            : 16
# Xors                                                 : 8
 1-bit xor2                                            : 8

=========================================================================

=========================================================================
*                         Low Level Synthesis                           *
=========================================================================

Optimizing unit <eight_bit_comparator> ...

Mapping all equations...
Building and optimizing final netlist ...
Found area constraint ratio of 100 (+ 5) on block eight_bit_comparator, actual ratio is 0.

Final Macro Processing ...

=========================================================================
Final Register Report

Macro Statistics
# Registers                                            : 16
 Flip-Flops                                            : 16

=========================================================================

=========================================================================
*                           Partition Report                            *
=========================================================================

Partition Implementation Status
-------------------------------

  No Partitions were found in this design.

-------------------------------

=========================================================================
*                            Final Report                               *
=========================================================================
Final Results
RTL Top Level Output File Name     : eight_bit_comparator.ngr
Top Level Output File Name         : eight_bit_comparator
Output Format                      : NGC
Optimization Goal                  : Speed
Keep Hierarchy                     : No

Design Statistics
# IOs                              : 11

Cell Usage :
# BELS                             : 21
#      LUT2                        : 2
#      LUT3                        : 4
#      LUT4                        : 13
#      MUXF5                       : 2
# FlipFlops/Latches                : 16
#      FD                          : 16
# Clock Buffers                    : 4
#      BUFGP                       : 4
# IO Buffers                       : 7
#      IBUF                        : 4
#      OBUF                        : 3
=========================================================================

Device utilization summary:
---------------------------

Selected Device : 3s500efg320-4 

 Number of Slices:                       11  out of   4656     0%  
 Number of Slice Flip Flops:             16  out of   9312     0%  
 Number of 4 input LUTs:                 19  out of   9312     0%  
 Number of IOs:                          11
 Number of bonded IOBs:                  11  out of    232     4%  
 Number of GCLKs:                         4  out of     24    16%  

---------------------------
Partition Resource Summary:
---------------------------

  No Partitions were found in this design.

---------------------------


=========================================================================
TIMING REPORT

NOTE: THESE TIMING NUMBERS ARE ONLY A SYNTHESIS ESTIMATE.
      FOR ACCURATE TIMING INFORMATION PLEASE REFER TO THE TRACE REPORT
      GENERATED AFTER PLACE-and-ROUTE.

Clock Information:
------------------
-----------------------------------+------------------------+-------+
Clock Signal                       | Clock buffer(FF name)  | Load  |
-----------------------------------+------------------------+-------+
PB1                                | BUFGP                  | 4     |
PB2                                | BUFGP                  | 4     |
PB3                                | BUFGP                  | 4     |
PB4                                | BUFGP                  | 4     |
-----------------------------------+------------------------+-------+

Asynchronous Control Signals Information:
----------------------------------------
No asynchronous control signals found in this design

Timing Summary:
---------------
Speed Grade: -4

   Minimum period: No path found
   Minimum input arrival time before clock: 2.113ns
   Maximum output required time after clock: 9.965ns
   Maximum combinational path delay: No path found

Timing Detail:
--------------
All values displayed in nanoseconds (ns)

=========================================================================
Timing constraint: Default OFFSET IN BEFORE for Clock 'PB1'
  Total number of paths / destination ports: 4 / 4
-------------------------------------------------------------------------
Offset:              2.113ns (Levels of Logic = 1)
  Source:            Y<3> (PAD)
  Destination:       a_3 (FF)
  Destination Clock: PB1 rising

  Data Path: Y<3> to a_3
                                Gate     Net
    Cell:in->out      fanout   Delay   Delay  Logical Name (Net Name)
    ----------------------------------------  ------------
     IBUF:I->O             4   1.218   0.587  Y_3_IBUF (Y_3_IBUF)
     FD:D                      0.308          a_3
    ----------------------------------------
    Total                      2.113ns (1.526ns logic, 0.587ns route)
                                       (72.2% logic, 27.8% route)

=========================================================================
Timing constraint: Default OFFSET IN BEFORE for Clock 'PB2'
  Total number of paths / destination ports: 4 / 4
-------------------------------------------------------------------------
Offset:              2.113ns (Levels of Logic = 1)
  Source:            Y<1> (PAD)
  Destination:       a_5 (FF)
  Destination Clock: PB2 rising

  Data Path: Y<1> to a_5
                                Gate     Net
    Cell:in->out      fanout   Delay   Delay  Logical Name (Net Name)
    ----------------------------------------  ------------
     IBUF:I->O             4   1.218   0.587  Y_1_IBUF (Y_1_IBUF)
     FD:D                      0.308          a_5
    ----------------------------------------
    Total                      2.113ns (1.526ns logic, 0.587ns route)
                                       (72.2% logic, 27.8% route)

=========================================================================
Timing constraint: Default OFFSET IN BEFORE for Clock 'PB3'
  Total number of paths / destination ports: 4 / 4
-------------------------------------------------------------------------
Offset:              2.113ns (Levels of Logic = 1)
  Source:            Y<2> (PAD)
  Destination:       b_2 (FF)
  Destination Clock: PB3 rising

  Data Path: Y<2> to b_2
                                Gate     Net
    Cell:in->out      fanout   Delay   Delay  Logical Name (Net Name)
    ----------------------------------------  ------------
     IBUF:I->O             4   1.218   0.587  Y_2_IBUF (Y_2_IBUF)
     FD:D                      0.308          b_2
    ----------------------------------------
    Total                      2.113ns (1.526ns logic, 0.587ns route)
                                       (72.2% logic, 27.8% route)

=========================================================================
Timing constraint: Default OFFSET IN BEFORE for Clock 'PB4'
  Total number of paths / destination ports: 4 / 4
-------------------------------------------------------------------------
Offset:              2.113ns (Levels of Logic = 1)
  Source:            Y<3> (PAD)
  Destination:       b_7 (FF)
  Destination Clock: PB4 rising

  Data Path: Y<3> to b_7
                                Gate     Net
    Cell:in->out      fanout   Delay   Delay  Logical Name (Net Name)
    ----------------------------------------  ------------
     IBUF:I->O             4   1.218   0.587  Y_3_IBUF (Y_3_IBUF)
     FD:D                      0.308          b_7
    ----------------------------------------
    Total                      2.113ns (1.526ns logic, 0.587ns route)
                                       (72.2% logic, 27.8% route)

=========================================================================
Timing constraint: Default OFFSET OUT AFTER for Clock 'PB1'
  Total number of paths / destination ports: 30 / 3
-------------------------------------------------------------------------
Offset:              9.825ns (Levels of Logic = 6)
  Source:            a_2 (FF)
  Destination:       more (PAD)
  Source Clock:      PB1 rising

  Data Path: a_2 to more
                                Gate     Net
    Cell:in->out      fanout   Delay   Delay  Logical Name (Net Name)
    ----------------------------------------  ------------
     FD:C->Q               3   0.591   0.706  a_2 (a_2)
     LUT4:I0->O            1   0.704   0.455  c_1/less_now65_SW0 (N38)
     LUT3:I2->O            2   0.704   0.622  c_1/less_now65 (c_1/less_now65)
     LUT4:I0->O            1   0.704   0.000  c_1/less_now972 (c_1/less_now971)
     MUXF5:I0->O           2   0.321   0.622  c_1/less_now97_f5 (lesses<0>)
     LUT4:I0->O            1   0.704   0.420  c_0/more_now1 (more_OBUF)
     OBUF:I->O                 3.272          more_OBUF (more)
    ----------------------------------------
    Total                      9.825ns (7.000ns logic, 2.825ns route)
                                       (71.2% logic, 28.8% route)

=========================================================================
Timing constraint: Default OFFSET OUT AFTER for Clock 'PB3'
  Total number of paths / destination ports: 30 / 3
-------------------------------------------------------------------------
Offset:              9.685ns (Levels of Logic = 6)
  Source:            b_1 (FF)
  Destination:       more (PAD)
  Source Clock:      PB3 rising

  Data Path: b_1 to more
                                Gate     Net
    Cell:in->out      fanout   Delay   Delay  Logical Name (Net Name)
    ----------------------------------------  ------------
     FD:C->Q               3   0.591   0.566  b_1 (b_1)
     LUT4:I2->O            1   0.704   0.455  c_1/less_now65_SW0 (N38)
     LUT3:I2->O            2   0.704   0.622  c_1/less_now65 (c_1/less_now65)
     LUT4:I0->O            1   0.704   0.000  c_1/less_now972 (c_1/less_now971)
     MUXF5:I0->O           2   0.321   0.622  c_1/less_now97_f5 (lesses<0>)
     LUT4:I0->O            1   0.704   0.420  c_0/more_now1 (more_OBUF)
     OBUF:I->O                 3.272          more_OBUF (more)
    ----------------------------------------
    Total                      9.685ns (7.000ns logic, 2.685ns route)
                                       (72.3% logic, 27.7% route)

=========================================================================
Timing constraint: Default OFFSET OUT AFTER for Clock 'PB2'
  Total number of paths / destination ports: 44 / 3
-------------------------------------------------------------------------
Offset:              9.869ns (Levels of Logic = 6)
  Source:            a_6 (FF)
  Destination:       more (PAD)
  Source Clock:      PB2 rising

  Data Path: a_6 to more
                                Gate     Net
    Cell:in->out      fanout   Delay   Delay  Logical Name (Net Name)
    ----------------------------------------  ------------
     FD:C->Q               3   0.591   0.610  a_6 (a_6)
     LUT4:I1->O            1   0.704   0.455  c_5/less_now_SW0 (N34)
     LUT3:I2->O            4   0.704   0.762  c_5/less_now (lesses<4>)
     LUT2:I0->O            1   0.704   0.000  c_1/more_now971 (c_1/more_now97)
     MUXF5:I1->O           2   0.321   0.622  c_1/more_now97_f5 (mores<0>)
     LUT4:I0->O            1   0.704   0.420  c_0/less_now1 (less_OBUF)
     OBUF:I->O                 3.272          less_OBUF (less)
    ----------------------------------------
    Total                      9.869ns (7.000ns logic, 2.869ns route)
                                       (70.9% logic, 29.1% route)

=========================================================================
Timing constraint: Default OFFSET OUT AFTER for Clock 'PB4'
  Total number of paths / destination ports: 44 / 3
-------------------------------------------------------------------------
Offset:              9.965ns (Levels of Logic = 6)
  Source:            b_5 (FF)
  Destination:       more (PAD)
  Source Clock:      PB4 rising

  Data Path: b_5 to more
                                Gate     Net
    Cell:in->out      fanout   Delay   Delay  Logical Name (Net Name)
    ----------------------------------------  ------------
     FD:C->Q               3   0.591   0.706  b_5 (b_5)
     LUT4:I0->O            1   0.704   0.455  c_5/less_now_SW0 (N34)
     LUT3:I2->O            4   0.704   0.762  c_5/less_now (lesses<4>)
     LUT2:I0->O            1   0.704   0.000  c_1/more_now971 (c_1/more_now97)
     MUXF5:I1->O           2   0.321   0.622  c_1/more_now97_f5 (mores<0>)
     LUT4:I0->O            1   0.704   0.420  c_0/less_now1 (less_OBUF)
     OBUF:I->O                 3.272          less_OBUF (less)
    ----------------------------------------
    Total                      9.965ns (7.000ns logic, 2.965ns route)
                                       (70.2% logic, 29.8% route)

=========================================================================


Total REAL time to Xst completion: 31.00 secs
Total CPU time to Xst completion: 30.41 secs
 
--> 


Total memory usage is 519156 kilobytes

Number of errors   :    0 (   0 filtered)
Number of warnings :    0 (   0 filtered)
Number of infos    :    0 (   0 filtered)

