Command line:
   full_adder_sch_full_adder_sch_sch_tb_isim_beh.exe
     -simmode  gui
     -simrunnum  0
     -socket  35920

Wed Jan 17 15:28:21 2018


 Elaboration Time: 0.12 sec

 Current Memory Usage: 230.064 Meg

 Total Signals          : 43
 Total Nets             : 22
 Total Signal Drivers   : 14
 Total Blocks           : 9
 Total Primitive Blocks : 7
 Total Processes        : 17
 Total Traceable Variables  : 21
 Total Scalar Nets and Variables : 105
Total Line Count : 28

 Total Simulation Time: 0.16 sec

 Current Memory Usage: 305.553 Meg

Wed Jan 17 15:29:30 2018

