Running: /opt/Xilinx/14.7/ISE_DS/ISE/bin/lin64/unwrapped/fuse -intstyle ise -incremental -lib unisims_ver -lib unimacro_ver -lib xilinxcorelib_ver -o /media/raditya/822A-B6CA/CS220Labs/Lab3_1/blinking_led/blinker_top_isim_beh.exe -prj /media/raditya/822A-B6CA/CS220Labs/Lab3_1/blinking_led/blinker_top_beh.prj work.blinker_top work.glbl 
ISim P.20131013 (signature 0xfbc00daa)
Number of CPUs detected in this system: 4
Turning on mult-threading, number of parallel sub-compilation jobs: 8 
Determining compilation order of HDL files
Analyzing Verilog file "/media/raditya/822A-B6CA/CS220Labs/Lab3_1/blinking_led/blinker.v" into library work
Analyzing Verilog file "/media/raditya/822A-B6CA/CS220Labs/Lab3_1/blinking_led/blinker_top.v" into library work
Analyzing Verilog file "/opt/Xilinx/14.7/ISE_DS/ISE//verilog/src/glbl.v" into library work
Starting static elaboration
Completed static elaboration
Fuse Memory Usage: 98816 KB
Fuse CPU Usage: 2520 ms
Compiling module blinker
Compiling module blinker_top
Compiling module glbl
Time Resolution for simulation is 1ps.
Waiting for 1 sub-compilation(s) to finish...
Compiled 3 Verilog Units
Built simulation executable /media/raditya/822A-B6CA/CS220Labs/Lab3_1/blinking_led/blinker_top_isim_beh.exe
Fuse Memory Usage: 659208 KB
Fuse CPU Usage: 2610 ms
GCC CPU Usage: 2240 ms
