ISim log file
Running: /media/raditya/822A-B6CA/CS220Labs/Lab3_1/blinking_led/blinker_top_isim_beh.exe -intstyle ise -gui -tclbatch isim.cmd -wdb /media/raditya/822A-B6CA/CS220Labs/Lab3_1/blinking_led/blinker_top_isim_beh.wdb 
ISim P.20131013 (signature 0xfbc00daa)
WARNING: A WEBPACK license was found.
WARNING: Please use Xilinx License Configuration Manager to check out a full ISim license.
WARNING: ISim will run in Lite mode. Please refer to the ISim documentation for more information on the differences between the Lite and the Full version.
This is a Lite version of ISim.
Time resolution is 1 ps
# onerror resume
# wave add /
# run 1000 ns
Simulator is doing circuit initialization process.
time=                   0: clk=0, led0=0
Finished circuit initialization process.
time=                  35: clk=1, led0=1
time=                  55: clk=1, led0=0
time=                  95: clk=1, led0=1
time=                 115: clk=1, led0=0
time=                 155: clk=1, led0=1
time=                 175: clk=1, led0=0
time=                 215: clk=1, led0=1
time=                 235: clk=1, led0=0
time=                 275: clk=1, led0=1
time=                 295: clk=1, led0=0
time=                 335: clk=1, led0=1
time=                 355: clk=1, led0=0
time=                 395: clk=1, led0=1
time=                 415: clk=1, led0=0
time=                 455: clk=1, led0=1
time=                 475: clk=1, led0=0
time=                 515: clk=1, led0=1
time=                 535: clk=1, led0=0
time=                 575: clk=1, led0=1
time=                 595: clk=1, led0=0
Stopped at time : 635 ns : File "/media/raditya/822A-B6CA/CS220Labs/Lab3_1/blinking_led/blinker_top.v" Line 298
# exit 0
