ISim log file
Running: /media/rharish/822A-B6CA/CS220Labs/Lab2_1/seven_bit_adder/seven_bit_adder_top_isim_beh.exe -intstyle ise -gui -tclbatch isim.cmd -wdb /media/rharish/822A-B6CA/CS220Labs/Lab2_1/seven_bit_adder/seven_bit_adder_top_isim_beh.wdb 
ISim P.20131013 (signature 0xfbc00daa)
WARNING: A WEBPACK license was found.
WARNING: Please use Xilinx License Configuration Manager to check out a full ISim license.
WARNING: ISim will run in Lite mode. Please refer to the ISim documentation for more information on the differences between the Lite and the Full version.
This is a Lite version of ISim.
Time resolution is 1 ps
# onerror resume
# wave add /
# run 1000 ns
Simulator is doing circuit initialization process.
time=                   0: 0000000 + 0000000 = 0000000, cout = 0

Finished circuit initialization process.
time=                   5: 0000000 + 0000101 = 0000101, cout = 0

time=                  10: 1111111 + 0000000 = 1111111, cout = 0

time=                  15: 1111111 + 0000001 = 1111110, cout = 0

time=                  15: 1111111 + 0000001 = 1111100, cout = 0

time=                  15: 1111111 + 0000001 = 1111000, cout = 0

time=                  15: 1111111 + 0000001 = 1110000, cout = 0

time=                  15: 1111111 + 0000001 = 1100000, cout = 0

time=                  15: 1111111 + 0000001 = 1000000, cout = 0

time=                  15: 1111111 + 0000001 = 0000000, cout = 1

Stopped at time : 20 ns : File "/media/rharish/822A-B6CA/CS220Labs/Lab2_1/seven_bit_adder/seven_bit_adder_top.v" Line 56
# exit 0
